Release 14.3 Map P.40xd (nt64)
Xilinx Mapping Report File for Design 'top'

Design Information
------------------
Command Line   : map -intstyle ise -p xc3s500e-fg320-4 -cm area -detail -ir off
-pr off -c 100 -o top_map.ncd top.ngd top.pcf 
Target Device  : xc3s500e
Target Package : fg320
Target Speed   : -4
Mapper Version : spartan3e -- $Revision: 1.55 $
Mapped Date    : Fri Dec 22 15:05:44 2017

Design Summary
--------------
Number of errors:      0
Number of warnings:    1
Logic Utilization:
  Total Number Slice Registers:         708 out of   9,312    7%
    Number used as Flip Flops:          706
    Number used as Latches:               2
  Number of 4 input LUTs:             1,470 out of   9,312   15%
Logic Distribution:
  Number of occupied Slices:            894 out of   4,656   19%
    Number of Slices containing only related logic:     894 out of     894 100%
    Number of Slices containing unrelated logic:          0 out of     894   0%
      *See NOTES below for an explanation of the effects of unrelated logic.
  Total Number of 4 input LUTs:       1,489 out of   9,312   15%
    Number used as logic:             1,470
    Number used as a route-thru:         19

  The Slice Logic Distribution report is not meaningful if the design is
  over-mapped for a non-slice resource or if Placement fails.

  Number of bonded IOBs:                  4 out of     232    1%
  Number of RAMB16s:                      8 out of      20   40%
  Number of BUFGMUXs:                     1 out of      24    4%

Average Fanout of Non-Clock Nets:                4.92

Peak Memory Usage:  283 MB
Total REAL time to MAP completion:  2 secs 
Total CPU time to MAP completion:   2 secs 

NOTES:

   Related logic is defined as being logic that shares connectivity - e.g. two
   LUTs are "related" if they share common inputs.  When assembling slices,
   Map gives priority to combine logic that is related.  Doing so results in
   the best timing performance.

   Unrelated logic shares no connectivity.  Map will only begin packing
   unrelated logic into a slice once 99% of the slices are occupied through
   related logic packing.

   Note that once logic distribution reaches the 99% level through related
   logic packing, this does not mean the device is completely utilized.
   Unrelated logic packing will then begin, continuing until all usable LUTs
   and FFs are occupied.  Depending on your timing budget, increased levels of
   unrelated logic packing may adversely affect the overall timing performance
   of your design.

Table of Contents
-----------------
Section 1 - Errors
Section 2 - Warnings
Section 3 - Informational
Section 4 - Removed Logic Summary
Section 5 - Removed Logic
Section 6 - IOB Properties
Section 7 - RPMs
Section 8 - Guide Report
Section 9 - Area Group and Partition Summary
Section 10 - Timing Report
Section 11 - Configuration String Information
Section 12 - Control Set Information
Section 13 - Utilization by Hierarchy

Section 1 - Errors
------------------

Section 2 - Warnings
--------------------
WARNING:PhysDesignRules:372 - Gated clock. Clock net u_buffer/next_state_not0001
   is sourced by a combinatorial pin. This is not good design practice. Use the
   CE pin to control the loading of data into the flip-flop.

Section 3 - Informational
-------------------------
INFO:MapLib:562 - No environment variables are currently set.
INFO:LIT:244 - All of the single ended outputs in this design are using slew
   rate limited output drivers. The delay on speed critical single ended outputs
   can be dramatically reduced by designating them as fast outputs.

Section 4 - Removed Logic Summary
---------------------------------
   4 block(s) optimized away
 231 Block(s) redundant

Section 5 - Removed Logic
-------------------------

Optimized Block(s):
TYPE 		BLOCK
GND 		XST_GND
VCC 		XST_VCC
GND 		u_imem/XST_GND
VCC 		u_imem/XST_VCC

Redundant Block(s):
TYPE 		BLOCK
LOCALBUF 		u_golden/count_mux0000<7>11/LUT3_D_BUF
LOCALBUF 		u_controller/ps_cmp_eq00001/LUT4_D_BUF
LOCALBUF 		u_golden/data_out_mux0000<7>23/LUT3_L_BUF
LOCALBUF 		u_golden/data_out_mux0000<0>21/LUT4_D_BUF
LOCALBUF 		u_golden/present_state_cmp_eq000212/LUT4_L_BUF
LOCALBUF 		u_dpcm/cnt_mux0000<1>21/LUT2_D_BUF
LOCALBUF 		u_golden/Msub_count_sub0000_cy<3>11/LUT4_D_BUF
LOCALBUF 		u_golden/shift_count_or00001/LUT3_D_BUF
LOCALBUF 		u_dpcm/cnt_mux0000<3>11/LUT3_D_BUF
LOCALBUF 		u_golden/shift_count_mux0000<0>11/LUT3_L_BUF
LOCALBUF 		u_golden/data_out_mux0000<0>111/LUT4_D_BUF
LOCALBUF 		u_golden/Msub_data_left_share0000_cy<2>11/LUT3_D_BUF
LOCALBUF 		u_golden/count_mux0000<3>35/LUT4_L_BUF
LOCALBUF 		u_golden/count_mux0000<6>41/LUT4_L_BUF
LOCALBUF 		u_golden/count_mux0000<2>53/LUT4_L_BUF
LOCALBUF 		u_golden/count_mux0000<5>77/LUT4_L_BUF
LOCALBUF 		u_golden/count_mux0000<4>68/LUT4_L_BUF
LOCALBUF 		u_dpcm/cmp/c_out26/LUT4_L_BUF
LOCALBUF 		u_dpcm/cmp/c_out93/LUT4_L_BUF
LOCALBUF 		u_dpcm/cmp/c_out233/LUT4_L_BUF
LOCALBUF 		u_dpcm/cmp/c_out287/LUT4_L_BUF
LOCALBUF 		u_golden/data_left_mux0000<3>11/LUT4_D_BUF
LOCALBUF 		u_golden/Msub_count_share0000_cy<3>11/LUT4_D_BUF
LOCALBUF 		u_golden/data_0_mux0000<135>1/LUT4_D_BUF
LOCALBUF 		u_golden/data_5_mux0000<93>14/LUT4_L_BUF
LOCALBUF 		u_golden/data_3_mux0000<110>14/LUT4_L_BUF
LOCALBUF 		u_golden/data_1_mux0000<127>14/LUT4_L_BUF
LOCALBUF 		u_dpcm/sum2_mux0000<6>57/LUT4_L_BUF
LOCALBUF 		u_dpcm/sum1_mux0000<6>57/LUT4_L_BUF
LOCALBUF 		u_dpcm/add2/cla4_0/g_g23/LUT4_D_BUF
LOCALBUF 		u_dpcm/add1/cla4_0/g_g23/LUT4_D_BUF
LOCALBUF 		u_dpcm/add2/clg3/C_out_1_or000024/LUT4_L_BUF
LOCALBUF 		u_dpcm/add1/clg3/C_out_1_or000024/LUT4_L_BUF
LOCALBUF 		u_dpcm/sub2/P1<0>11/LUT2_D_BUF
LOCALBUF 		u_dpcm/sub1/P1<0>11/LUT2_D_BUF
LOCALBUF 		u_dpcm/sub2/clg2_1/c_out_0_or0000_SW0/LUT4_L_BUF
LOCALBUF 		u_dpcm/sub1/clg2_1/c_out_0_or0000_SW0/LUT4_L_BUF
LOCALBUF 		u_dpcm/data2_0_mux0000<139>21/LUT4_D_BUF
LOCALBUF 		u_dpcm/data2_0_mux0000<137>21/LUT4_D_BUF
LOCALBUF 		u_dpcm/data1_0_mux0000<139>10/LUT4_D_BUF
LOCALBUF 		u_dpcm/data1_0_mux0000<137>10/LUT4_D_BUF
LOCALBUF 		u_dpcm/data2_0_mux0000<136>21/LUT4_D_BUF
LOCALBUF 		u_dpcm/data1_0_mux0000<136>10/LUT4_D_BUF
LOCALBUF 		u_dpcm/sub2/s<7>131/LUT2_L_BUF
LOCALBUF 		u_dpcm/sub1/s<7>131/LUT2_L_BUF
LOCALBUF 		u_dpcm/data2_0_mux0000<138>21/LUT4_D_BUF
LOCALBUF 		u_dpcm/sub2/clg2_2/c_out_1_or000034/LUT4_D_BUF
LOCALBUF 		u_dpcm/sub1/clg2_2/c_out_1_or000034/LUT4_D_BUF
LOCALBUF 		u_dpcm/sub2/s<7>188/LUT4_L_BUF
LOCALBUF 		u_dpcm/sub1/s<7>188/LUT4_L_BUF
LOCALBUF 		u_dpcm/sub2/P1<0>_SW0/LUT4_L_BUF
LOCALBUF 		u_dpcm/sub1/P1<0>_SW0/LUT4_L_BUF
LOCALBUF 		u_dpcm/sub2/s<5>111/LUT4_D_BUF
LOCALBUF 		u_dpcm/sub1/s<5>111/LUT4_D_BUF
LOCALBUF 		u_dpcm/add2/cla4_0/g_g18/LUT4_D_BUF
LOCALBUF 		u_dpcm/add1/cla4_0/g_g18/LUT4_D_BUF
LOCALBUF 		u_dpcm/data2_0_mux0000<139>96_SW1/LUT4_D_BUF
LOCALBUF 		u_dpcm/data2_0_mux0000<137>96_SW1/LUT4_D_BUF
LOCALBUF 		u_dpcm/data1_0_mux0000<139>96_SW1/LUT4_D_BUF
LOCALBUF 		u_dpcm/data1_0_mux0000<137>96_SW1/LUT4_D_BUF
LOCALBUF 		u_dpcm/sub2/s<3>1_SW0/LUT3_L_BUF
LOCALBUF 		u_dpcm/sub2/s<3>1_SW2/LUT3_L_BUF
LOCALBUF 		u_dpcm/sub1/s<3>1_SW0/LUT3_L_BUF
LOCALBUF 		u_dpcm/sub1/s<3>1_SW2/LUT3_L_BUF
LOCALBUF 		u_dpcm/sub2/cla4_1_2/clg4/C_out_1_or0000/LUT3_L_BUF
LOCALBUF 		u_dpcm/sub1/cla4_1_2/clg4/C_out_1_or0000/LUT3_L_BUF
LOCALBUF 		u_dpcm/data2_0_mux0000<140>56/LUT3_L_BUF
LOCALBUF 		u_dpcm/data1_0_mux0000<140>56/LUT3_L_BUF
LOCALBUF 		u_golden/data_9_mux0000<61>26_SW0/LUT3_L_BUF
LOCALBUF 		u_golden/data_9_mux0000<60>26_SW0/LUT3_L_BUF
LOCALBUF 		u_golden/data_9_mux0000<59>26_SW0/LUT3_L_BUF
LOCALBUF 		u_golden/data_9_mux0000<58>26_SW0/LUT3_L_BUF
LOCALBUF 		u_golden/data_9_mux0000<57>26_SW0/LUT3_L_BUF
LOCALBUF 		u_golden/data_9_mux0000<56>26_SW0/LUT3_L_BUF
LOCALBUF 		u_golden/data_9_mux0000<55>26_SW0/LUT3_L_BUF
LOCALBUF 		u_golden/data_8_mux0000<70>26_SW0/LUT3_L_BUF
LOCALBUF 		u_golden/data_8_mux0000<69>26_SW0/LUT3_L_BUF
LOCALBUF 		u_golden/data_8_mux0000<68>26_SW0/LUT3_L_BUF
LOCALBUF 		u_golden/data_8_mux0000<67>26_SW0/LUT3_L_BUF
LOCALBUF 		u_golden/data_8_mux0000<66>26_SW0/LUT3_L_BUF
LOCALBUF 		u_golden/data_8_mux0000<65>26_SW0/LUT3_L_BUF
LOCALBUF 		u_golden/data_8_mux0000<64>26_SW0/LUT3_L_BUF
LOCALBUF 		u_golden/data_7_mux0000<79>26_SW0/LUT3_L_BUF
LOCALBUF 		u_golden/data_7_mux0000<78>26_SW0/LUT3_L_BUF
LOCALBUF 		u_golden/data_7_mux0000<77>26_SW0/LUT3_L_BUF
LOCALBUF 		u_golden/data_7_mux0000<76>26_SW0/LUT3_L_BUF
LOCALBUF 		u_golden/data_7_mux0000<75>26_SW0/LUT3_L_BUF
LOCALBUF 		u_golden/data_7_mux0000<74>26_SW0/LUT3_L_BUF
LOCALBUF 		u_golden/data_7_mux0000<73>26_SW0/LUT3_L_BUF
LOCALBUF 		u_golden/data_6_mux0000<88>26_SW0/LUT3_L_BUF
LOCALBUF 		u_golden/data_6_mux0000<87>26_SW0/LUT3_L_BUF
LOCALBUF 		u_golden/data_6_mux0000<86>26_SW0/LUT3_L_BUF
LOCALBUF 		u_golden/data_6_mux0000<85>26_SW0/LUT3_L_BUF
LOCALBUF 		u_golden/data_6_mux0000<84>26_SW0/LUT3_L_BUF
LOCALBUF 		u_golden/data_6_mux0000<83>26_SW0/LUT3_L_BUF
LOCALBUF 		u_golden/data_6_mux0000<82>26_SW0/LUT3_L_BUF
LOCALBUF 		u_golden/data_5_mux0000<97>26_SW0/LUT3_L_BUF
LOCALBUF 		u_golden/data_5_mux0000<96>26_SW0/LUT3_L_BUF
LOCALBUF 		u_golden/data_5_mux0000<95>26_SW0/LUT3_L_BUF
LOCALBUF 		u_golden/data_5_mux0000<94>26_SW0/LUT3_L_BUF
LOCALBUF 		u_golden/data_5_mux0000<92>26_SW0/LUT3_L_BUF
LOCALBUF 		u_golden/data_5_mux0000<91>26_SW0/LUT3_L_BUF
LOCALBUF 		u_golden/data_4_mux0000<106>26_SW0/LUT3_L_BUF
LOCALBUF 		u_golden/data_4_mux0000<105>26_SW0/LUT3_L_BUF
LOCALBUF 		u_golden/data_4_mux0000<104>26_SW0/LUT3_L_BUF
LOCALBUF 		u_golden/data_4_mux0000<103>26_SW0/LUT3_L_BUF
LOCALBUF 		u_golden/data_4_mux0000<102>26_SW0/LUT3_L_BUF
LOCALBUF 		u_golden/data_4_mux0000<101>26_SW0/LUT3_L_BUF
LOCALBUF 		u_golden/data_4_mux0000<100>26_SW0/LUT3_L_BUF
LOCALBUF 		u_golden/data_3_mux0000<115>26_SW0/LUT3_L_BUF
LOCALBUF 		u_golden/data_3_mux0000<114>26_SW0/LUT3_L_BUF
LOCALBUF 		u_golden/data_3_mux0000<113>26_SW0/LUT3_L_BUF
LOCALBUF 		u_golden/data_3_mux0000<112>26_SW0/LUT3_L_BUF
LOCALBUF 		u_golden/data_3_mux0000<111>26_SW0/LUT3_L_BUF
LOCALBUF 		u_golden/data_3_mux0000<109>26_SW0/LUT3_L_BUF
LOCALBUF 		u_golden/data_2_mux0000<124>26_SW0/LUT3_L_BUF
LOCALBUF 		u_golden/data_2_mux0000<123>26_SW0/LUT3_L_BUF
LOCALBUF 		u_golden/data_2_mux0000<122>26_SW0/LUT3_L_BUF
LOCALBUF 		u_golden/data_2_mux0000<121>26_SW0/LUT3_L_BUF
LOCALBUF 		u_golden/data_2_mux0000<120>26_SW0/LUT3_L_BUF
LOCALBUF 		u_golden/data_2_mux0000<119>26_SW0/LUT3_L_BUF
LOCALBUF 		u_golden/data_2_mux0000<118>26_SW0/LUT3_L_BUF
LOCALBUF 		u_golden/data_1_mux0000<133>26_SW0/LUT3_L_BUF
LOCALBUF 		u_golden/data_1_mux0000<132>26_SW0/LUT3_L_BUF
LOCALBUF 		u_golden/data_1_mux0000<131>26_SW0/LUT3_L_BUF
LOCALBUF 		u_golden/data_1_mux0000<130>26_SW0/LUT3_L_BUF
LOCALBUF 		u_golden/data_1_mux0000<129>26_SW0/LUT3_L_BUF
LOCALBUF 		u_golden/data_1_mux0000<128>26_SW0/LUT3_L_BUF
LOCALBUF 		u_golden/data_1_mux0000<126>26_SW0/LUT3_L_BUF
LOCALBUF 		u_golden/data_14_mux0000<16>26_SW0/LUT3_L_BUF
LOCALBUF 		u_golden/data_14_mux0000<15>26_SW0/LUT3_L_BUF
LOCALBUF 		u_golden/data_14_mux0000<14>26_SW0/LUT3_L_BUF
LOCALBUF 		u_golden/data_14_mux0000<13>26_SW0/LUT3_L_BUF
LOCALBUF 		u_golden/data_14_mux0000<12>26_SW0/LUT3_L_BUF
LOCALBUF 		u_golden/data_14_mux0000<11>26_SW0/LUT3_L_BUF
LOCALBUF 		u_golden/data_14_mux0000<10>26_SW0/LUT3_L_BUF
LOCALBUF 		u_golden/data_13_mux0000<25>26_SW0/LUT3_L_BUF
LOCALBUF 		u_golden/data_13_mux0000<24>26_SW0/LUT3_L_BUF
LOCALBUF 		u_golden/data_13_mux0000<23>26_SW0/LUT3_L_BUF
LOCALBUF 		u_golden/data_13_mux0000<22>26_SW0/LUT3_L_BUF
LOCALBUF 		u_golden/data_13_mux0000<21>26_SW0/LUT3_L_BUF
LOCALBUF 		u_golden/data_13_mux0000<20>26_SW0/LUT3_L_BUF
LOCALBUF 		u_golden/data_13_mux0000<19>26_SW0/LUT3_L_BUF
LOCALBUF 		u_golden/data_12_mux0000<34>26_SW0/LUT3_L_BUF
LOCALBUF 		u_golden/data_12_mux0000<33>26_SW0/LUT3_L_BUF
LOCALBUF 		u_golden/data_12_mux0000<32>26_SW0/LUT3_L_BUF
LOCALBUF 		u_golden/data_12_mux0000<31>26_SW0/LUT3_L_BUF
LOCALBUF 		u_golden/data_12_mux0000<30>26_SW0/LUT3_L_BUF
LOCALBUF 		u_golden/data_12_mux0000<29>26_SW0/LUT3_L_BUF
LOCALBUF 		u_golden/data_12_mux0000<28>26_SW0/LUT3_L_BUF
LOCALBUF 		u_golden/data_11_mux0000<43>26_SW0/LUT3_L_BUF
LOCALBUF 		u_golden/data_11_mux0000<42>26_SW0/LUT3_L_BUF
LOCALBUF 		u_golden/data_11_mux0000<41>26_SW0/LUT3_L_BUF
LOCALBUF 		u_golden/data_11_mux0000<40>26_SW0/LUT3_L_BUF
LOCALBUF 		u_golden/data_11_mux0000<39>26_SW0/LUT3_L_BUF
LOCALBUF 		u_golden/data_11_mux0000<38>26_SW0/LUT3_L_BUF
LOCALBUF 		u_golden/data_11_mux0000<37>26_SW0/LUT3_L_BUF
LOCALBUF 		u_golden/data_10_mux0000<52>26_SW0/LUT3_L_BUF
LOCALBUF 		u_golden/data_10_mux0000<51>26_SW0/LUT3_L_BUF
LOCALBUF 		u_golden/data_10_mux0000<50>26_SW0/LUT3_L_BUF
LOCALBUF 		u_golden/data_10_mux0000<49>26_SW0/LUT3_L_BUF
LOCALBUF 		u_golden/data_10_mux0000<48>26_SW0/LUT3_L_BUF
LOCALBUF 		u_golden/data_10_mux0000<47>26_SW0/LUT3_L_BUF
LOCALBUF 		u_golden/data_10_mux0000<46>26_SW0/LUT3_L_BUF
LOCALBUF 		u_golden/data_10_mux0000<45>26_SW0/LUT3_L_BUF
LOCALBUF 		u_golden/data_0_mux0000<143>26_SW0/LUT3_L_BUF
LOCALBUF 		u_golden/data_0_mux0000<142>26_SW0/LUT3_L_BUF
LOCALBUF 		u_golden/data_0_mux0000<141>26_SW0/LUT3_L_BUF
LOCALBUF 		u_golden/data_0_mux0000<140>26_SW0/LUT3_L_BUF
LOCALBUF 		u_golden/data_0_mux0000<139>26_SW0/LUT3_L_BUF
LOCALBUF 		u_golden/data_0_mux0000<138>26_SW0/LUT3_L_BUF
LOCALBUF 		u_golden/data_0_mux0000<137>26_SW0/LUT3_L_BUF
LOCALBUF 		u_golden/data_0_mux0000<136>26_SW0/LUT3_L_BUF
LOCALBUF 		u_golden/data_0_mux0000<135>26_SW0/LUT3_L_BUF
LOCALBUF 		u_dpcm/data2_0_mux0000<141>104_SW0/LUT4_L_BUF
LOCALBUF 		u_dpcm/data1_0_mux0000<141>104_SW0/LUT4_L_BUF
LOCALBUF 		u_dpcm/add2/cla4_2/clg4/C_out_2_or000011_SW1/LUT4_L_BUF
LOCALBUF 		u_dpcm/add1/cla4_2/clg4/C_out_2_or000011_SW1/LUT4_L_BUF
LOCALBUF 		u_dpcm/data2_0_mux0000<139>77_SW1/LUT4_L_BUF
LOCALBUF 		u_dpcm/data2_0_mux0000<137>77_SW1/LUT4_L_BUF
LOCALBUF 		u_dpcm/data1_0_mux0000<139>77_SW1/LUT4_L_BUF
LOCALBUF 		u_dpcm/data1_0_mux0000<137>77_SW1/LUT4_L_BUF
LOCALBUF 		u_dpcm/sum2_mux0000<0>_SW0_SW0/LUT3_L_BUF
LOCALBUF 		u_dpcm/sum1_mux0000<0>_SW0_SW0/LUT3_L_BUF
LOCALBUF 		u_dpcm/data2_0_mux0000<136>111/LUT4_L_BUF
LOCALBUF 		u_dpcm/data1_0_mux0000<136>111/LUT4_L_BUF
LOCALBUF 		u_dpcm/sum2_mux0000<5>_SW2/LUT4_L_BUF
LOCALBUF 		u_dpcm/sum1_mux0000<5>_SW2/LUT4_L_BUF
LOCALBUF 		u_dpcm/sub2/clg2_2/c_out_1_or000061_SW0_SW0/LUT4_L_BUF
LOCALBUF 		u_dpcm/sub1/clg2_2/c_out_1_or000061_SW0_SW0/LUT4_L_BUF
LOCALBUF 		u_dpcm/sub2/clg2_2/c_out_1_or000061_SW1/LUT4_D_BUF
LOCALBUF 		u_dpcm/sub1/clg2_2/c_out_1_or000061_SW1/LUT4_D_BUF
LOCALBUF 		u_golden/data_left_mux0000<0>3_SW0/LUT4_D_BUF
LOCALBUF 		u_golden/count_mux0000<0>_SW3/LUT4_L_BUF
LOCALBUF 		u_dpcm/cnt_mux0000<2>27/LUT4_L_BUF
LOCALBUF 		u_golden/count_mux0000<4>52_SW0/LUT4_L_BUF
LOCALBUF 		u_golden/shift_count_mux0000<2>_SW1/LUT4_L_BUF
LOCALBUF 		u_dpcm/data1_0_mux0000<135>46/LUT4_L_BUF
LOCALBUF 		u_dpcm/sub2/s<6>1_SW1_SW0_SW0/LUT4_L_BUF
LOCALBUF 		u_dpcm/sub1/s<6>1_SW1_SW0_SW0/LUT4_L_BUF
LOCALBUF 		u_dpcm/sub1/s<6>1_SW1_SW1_SW0/LUT4_L_BUF
LOCALBUF 		u_golden/present_state_FSM_FFd8-In_SW1/LUT4_L_BUF
LOCALBUF 		u_golden/count_mux0000<5>1/LUT4_D_BUF
LOCALBUF 		u_golden/count_mux0000<1>23/LUT4_L_BUF
LOCALBUF 		u_golden/data_left_mux0000<0>3_1/LUT4_D_BUF
LOCALBUF 		u_golden/data_left_mux0000<0>3_2/LUT4_D_BUF
LOCALBUF 		u_golden/data_left_mux0000<0>3_3/LUT4_D_BUF
LOCALBUF 		u_golden/data_left_mux0000<0>3_4/LUT4_D_BUF
LOCALBUF 		u_golden/data_left_mux0000<0>3_5/LUT4_D_BUF
LOCALBUF 		u_golden/data_left_mux0000<0>3_6/LUT4_D_BUF
LUT1 		u_uart_baud/Mcount_count_cy<1>_rt
LUT1 		u_uart_baud/Mcount_count_cy<2>_rt
LUT1 		u_uart_baud/Mcount_count_cy<3>_rt
LUT1 		u_uart_baud/Mcount_count_cy<4>_rt
LUT1 		u_uart_baud/Mcount_count_cy<5>_rt
LUT1 		u_uart_baud/Mcount_count_cy<6>_rt
LUT1 		u_controller/Mcount_row_col_cy<8>_rt
LUT1 		u_controller/Mcount_row_col_cy<7>_rt
LUT1 		u_controller/Mcount_row_col_cy<6>_rt
LUT1 		u_controller/Mcount_row_col_cy<5>_rt
LUT1 		u_controller/Mcount_row_col_cy<4>_rt
LUT1 		u_controller/Mcount_row_col_cy<3>_rt
LUT1 		u_controller/Mcount_row_col_cy<2>_rt
LUT1 		u_controller/Mcount_row_col_cy<1>_rt
LUT1 		u_golden/Mcount_mem_count_cy<0>_rt
LUT1 		u_uart_baud/Mcount_count_xor<7>_rt
LUT1 		u_controller/Mcount_row_col_xor<9>_rt
INV 		mem_clk1_INV_0
INV 		rst1_INV_0
INV 		u_uart_baud/T_clk_not00011_INV_0
INV 		u_golden/stall_uart_inv1_INV_0

Section 6 - IOB Properties
--------------------------

+---------------------------------------------------------------------------------------------------------------------------------------------------------+
| IOB Name                           | Type             | Direction | IO Standard          | Diff  | Drive    | Slew | Reg (s)      | Resistor | IOB      |
|                                    |                  |           |                      | Term  | Strength | Rate |              |          | Delay    |
+---------------------------------------------------------------------------------------------------------------------------------------------------------+
| TxD                                | IOB              | OUTPUT    | LVCMOS25             |       | 12       | SLOW |              |          | 0 / 0    |
| clk                                | IBUF             | INPUT     | LVCMOS25             |       |          |      |              |          | 0 / 0    |
| reset                              | IBUF             | INPUT     | LVCMOS25             |       |          |      |              |          | 0 / 0    |
| sw                                 | IBUF             | INPUT     | LVCMOS25             |       |          |      |              |          | 0 / 0    |
+---------------------------------------------------------------------------------------------------------------------------------------------------------+

Section 7 - RPMs
----------------

Section 8 - Guide Report
------------------------
Guide not run on this design.

Section 9 - Area Group and Partition Summary
--------------------------------------------

Partition Implementation Status
-------------------------------

  No Partitions were found in this design.

-------------------------------

Area Group Information
----------------------

  No area groups were found in this design.

----------------------

Section 10 - Timing Report
--------------------------
This design was not run using timing mode.

Section 11 - Configuration String Details
-----------------------------------------
BUFGMUX "clk_BUFGP/BUFG":
DISABLE_ATTR:LOW



RAMB16
"u_imem/U0/xst_blk_mem_generator/gnativebmg.native_blk_mem_gen/valid.cstr/ramloo
p[0].ram.r/s3_init.ram/dpram.dp1x1.ram":
INIT_00 = 4A6BFEC109080910D3D0397CD65FD0682000AFDF882000014111F2C877FDF638
INIT_01 = 4A3C413D4EAC440838A44A66A5408C708012ACC020102844B67A22D26DAB8182
INIT_02 = EC200214240BA9744F827A062D8821E0C38C6C6083DBE1F26879320C19BE8172
INIT_03 = F1AB0087DC5FF32E39B8025028A561D0EBC4800BB57BFC9D0C7E6117820804E0
INIT_04 = 058916E30134EEB20934540F7E8089507F507C7913A35EE83900C1A77C402160
INIT_05 = D49543215208051791864EB761548130381238A55A77D59A00D42D77752010E0
INIT_06 = DF5790A390989EDE41025A2F7D8283903B4D8A282546C38B887AFA9B3DC0C830
INIT_07 = 96605809200465E4B8B868B7BC8D6988ECCA21284363591561680CBE7C0454C8
INIT_08 = D9AFD0210412994290AC21075D120980DBBE058B04070422384A4BBABBAAE008
INIT_09 = F6FCF986004CB28CD49217853D91D640ECCBE01D00468051831CA8B8DD097B48
INIT_0a = 739B08B00052A6447892E5A6B80A1BC0773FFD00003C6132609EB3115842D7C0
INIT_0b = 7CEC9906014E0C253822ABE558AAFF803AED0753007E81859DE43192D9452AC0
INIT_0c = 3CA12016050400284CFEC066D82236E039D8A244020A085186525515785E8BC0
INIT_0d = 1B9B249E283C8431961FC39678A348803FF60D00902ACC01713225095A0CD7C4
INIT_0e = 3FFB05340135900010A24F02D80229A40C7AD1BA0652D069203A48265804D180
INIT_0f = 1C7DC4BA2F07B484A006E8FEF91D43403EECA430090126E0006E11A679045C80
INIT_10 = 3D69A6883862F1D366161C7EFC4B9B405A7A708508A2A000287E437EFC00A0C0
INIT_11 = 74FCC4510580111348EA3D3FF9082DA03C3FFC800232C54834D05B3F6A267CA0
INIT_12 = 7CFDECA0120498804A9C69E077014168FB0CFF027906BCD1860A8B1F9C0FD150
INIT_13 = CA5DF40428009F4A9E582095A8503FC875F2FE0960071B20765E4842402AAD00
INIT_14 = C1D1E3000003130408D0373CA5EA2A18E3F2641A000166A42E8263E52004FCC0
INIT_15 = A4BCA686947C070A339428E4B0800238D7F2D0748CA6B4EA1912F7BCAC48DD80
INIT_16 = B7F1DE6AD82249280EB32D08E712FA586FD3143B2642B41433D716398E010A29
INIT_17 = BFE03D8FB4C2154A3E4B03EC7EBF90C0DAB1A511F69D9BFA414D0D4456F06468
INIT_18 = 9BE1852DFB4014654E110173C58D05605EF7C5F4EA7E0B32261324590925C050
INIT_19 = F5640445B4E94BDA07DF2358C35D15807FE46A1FF600AB590F23D90C9B220B00
INIT_1a = FE148A851EB640540A49FE17929B3440DD0D2DBAD98A2483F7F092A02F35E090
INIT_1b = EE1714DA7BB78062063334C1813CBFA0AE8C8FC56DECC593CEF85CE25F5BBF70
INIT_1c = EC1E71010FFE20B9D381B66284048FD2F6AA2858B77245D73D394141985137D0
INIT_1d = B485F82EED445269A585D62676150730B83F318029F502248840A6269720CDC2
INIT_1e = 04C0182D5EDFC21F33CFCCC33B8A3290F7057C6BDF63ADF05FB88C19611F4540
INIT_1f = 2001E19990C4C9574FF74083CA12F44052D8889FFDD741BCE65F7143A80161A0
INIT_20 = C40C2B6F70997AD2B737220FB22885A0E569F228F558816A8EF77A17EA081340
INIT_21 = 20D602092C80A16B57BD434028106868F7025A9EF78CE455275B926364222CD0
INIT_22 = E05B3E9AFCE281EBB66C06C94B1415C0467A2B2A05D1FB529BEB3359BB8123A0
INIT_23 = C14342E6D80201C6DF48B227908A5824530247834D5F66B30EF328995A00A8E0
INIT_24 = B45286D19057106A872A431B700214743C2C0697C12C4C6327D4B7CB0E882B5C
INIT_25 = 3B5A14414679033277F007C124146B4011F00CC26A3C544A231FC45F0782A5C8
INIT_26 = 8F2A024239D000080C2A1F7CF852510075D418BBEB9E92820B36A07C91004A88
INIT_27 = 82A1604B146047800501218BFE221200DAF276180718A50400F260D49C08BBC0
INIT_28 = 183052681F34003F3C01EEBE374A0324C082BA02BF083F25B55369879847D5C4
INIT_29 = 4114D37C567308141C43D1504C48848F3748BE86406F0605EB216B181E0E0155
INIT_2a = 1B5BD14AD606FD8B0A78CA4989CAD4001900E214F7551DC20E226A604757F025
INIT_2b = 4BB9601E997E6D912272A4D98038B18A89587030144D4AA36664A8611716E000
INIT_2c = 1AD3F08100017866E7588A02202D780C03F93ABF9A2275AB22D44AA010077659
INIT_2d = 0F6843215809F321244078020894DC2C3FD2B3D4611339BDFB042A480502F04D
INIT_2e = B1F203A955BFFB5661840E2843D65419CF5C323CA4033BA80480433A81E2B10E
INIT_2f = 2F40342379C6D32A90E834190090940C3685DA5C3783D57BA6F0081D213F1409
INIT_30 = 85E2F04C7FFF5E021AE0221D5103D00207442A37F6DDEE47B3C830F901401018
INIT_31 = B402ED0CCE5F571C40A0062C884542E881B0D4BC756F7E80C2382B7F12015015
INIT_32 = E589A5E95E9088EE68287B3284A2A3F8E5604D59DFBE095C2AC85CAC01096B7D
INIT_33 = A1E8834E6420A0E036C4E60A54AAB3DA02A0A857D930436E22C0849284175FD8
INIT_34 = 5B281004A0416081A21A101E90AEBDB86390188180C058030E80473A20166FD2
INIT_35 = E210FD04E2293C070C6DFE9036B977A931B886A061802803C179C8C226022BFA
INIT_36 = 570A22E95ECD2E25C15E046062CAD76C022A11AEDB4F6386A9B567F224216A39
INIT_37 = 5844D58839A0E48FAA0F50808C152D5C0C0A67F454B50957C503A503240A9799
INIT_38 = 4430C8A50EDEE355F974818C058059F8390893069090070BDA1DE8BA404463F0
INIT_39 = D2577269A682510E9B8AC150D14C9BFF08581E422474A01FB647D4000022D7D9
INIT_3a = F8028C8280CA77AD650400551A94CDF809F4A294C48B65A4D62A5B4D20395E6A
INIT_3b = 749F75D453257C610550D22043C141F87126D38B919CECC0B4C05C1058A3E63D
INIT_3c = F475374B091BFD6BFC48B72AA39E0BFB9857023B189A0D2168041210856B8938
INIT_3d = BF21226C8B8EDD8859168BC97AAB14F2F5A1DF27271DB7056EE022E607512CF0
INIT_3e = DD398E0D224EFE501D306692228A5DAB01B9C78D6B79B59C10E0DCC4011F6F3D
INIT_3f = 93A8E0840DF37DC44960DC5F031D2E991A31B1FA43AFFB91DEC814228DD69574
PORTA_ATTR:16384X1
WRITEMODEA:WRITE_FIRST
INIT_A = 0
SRVAL_A = 0
PORTB_ATTR:16384X1
WRITEMODEB:WRITE_FIRST
INIT_B = 0
SRVAL_B = 0


RAMB16
"u_imem/U0/xst_blk_mem_generator/gnativebmg.native_blk_mem_gen/valid.cstr/ramloo
p[1].ram.r/s3_init.ram/dpram.dp1x1.ram":
INIT_00 = B4400021510A020040249063A1A07F93DCF400001020000000FB0A608054DDC3
INIT_01 = E7CF9DBD42A84520045A91995EBBFB8A6AB86FE90010284801839CC810553E78
INIT_02 = 02800A9B7EDFAC34404C9261AEFD77193C51927FEFFBF3F202CF8B12FE7FFF89
INIT_03 = 0E14E77CCDDFFAAE22607CA10BAFEF2A10131C7677FBF6DD02409CD8815DFF1E
INIT_04 = 1276ED21F596EEB602CB0A8F1CAE3EEA81AB02093FF75FE012569E671E1F7F19
INIT_05 = 0E2A3CD6BAA9AF4780EEE03702FB37CE80E5C708017F5D1A809762F716D5FF3A
INIT_06 = 80C0617EDAB9CE7E4066FD2F1CFAD782050265D2B70FEEDB808FC41B1EFE6FCA
INIT_07 = A09603CC054DDA36AF6D7CB01AF7FFA281315E9F6A17FF7D60ADFFBE1DF9FFE1
INIT_08 = D01073C259CB769F912A7F001ADAAE9288458E265B0F7BDAA8D4DF0018DFEB81
INIT_09 = FC000D6177BDE7D7D5565E801EFDEBE2EA001BF4371CFA2F80973B8018FDFFE1
INIT_0a = 7240797D070BDAABF866FCA0195FFFC2720000382FCFDDAEE00D6A8019FFFFE1
INIT_0b = 7C82A605E7AFFB2BF821F2E01F5FFB82390007569C8FECDF9C71A0801DFFBFC6
INIT_0c = 3CD0BE1610FEF52FED059DE01D6EFFE238C114130DFFD754AEE4F0003FFFFFD1
INIT_0d = 1B80041A97CFBC76F32012803DFFFBA93FC0867C67EBB6BD616580401EBFFFE4
INIT_0e = 3FF0506CF25EF75FF4E756001EBFFFE71C40603AFB67D95EF8E4D3A01EEBFFCA
INIT_0f = 3C73335EA0FF7BFFFC77F8FE375BFFE03E7062C8E47FDB7FFCEEC0063AFBFF82
INIT_10 = 3E754B7D871FAEFF56A9E23E3F57FFC25E710D59B7FEDFFFEC85107E36FFFDC1
INIT_11 = FC7023BDF90913FDF8D5933E36FBFFA03C78034EF913A9BFFC90013E2DEFF7A6
INIT_12 = FCDA116EB6FFFDFFDC35C2E2F7FF7B68FB1101D886FE2DFAEE1DE11F9B57BFF3
INIT_13 = D2700BEF87F99BFF6CD5CC95AB8E8030F4E001C79FFD4FFD3EB517B26ABFFF83
INIT_14 = C1E216E6FFFDDFFF70BD47D9DE00B4EAE9F81BC4FFFB4EFFFA77F912DF00033B
INIT_15 = A5A3529F7F79E5FFF4B3DEF9A40831CDE7EA26DA8EFC5FFCDC355FFFBCE8A07A
INIT_16 = B7B831E5BAF89DFFF564F15D6FAD05BE67E0FB65FFDF937F6A3AEF7F5ED6F5D8
INIT_17 = 9FB3D4FBDFF571BEF39A77FCBC002F33DFC25CDF6FB5337FE070DC965F4B8B9A
INIT_18 = BD846DCABDFFB0FDE7FCFBFFD772BA9F5F8A3FEFB7DED977FF70FD9B4D9A1FA4
INIT_19 = FE88F2FF7BFFE3DDE7B09BD8A7A2EA763E42BAF5DFFEFF7FBF3A552EB7D4F4F9
INIT_1a = F4A97BE8ABFBD7FFE9D3FAA006244BBAF510E0FD8EFFB7EFF70C479DBD0A1F65
INIT_1b = D46AF2CF25FFF6FE75F477DFBCC144A2C032DAABDEDAEDBBD965F67813A40095
INIT_1c = 80E3D0CA5DBBEAFDF150EEE09CFB70506855F2F56BEB5CD7BFC0D7CFA726C255
INIT_1d = E11193F43881FB4BE5644030662AB892EA96E20E8BFDBFABFBF0F7A1DF5F3281
INIT_1e = AA0200100543DADF73F06832C77FFFB2000008940B68EFFDF754E47867DFF749
INIT_1f = 5B021E046A70D9DFEF4EF04207FFFFC62872060018CAF3BDF716280001FFFFE1
INIT_20 = 24044036A214FAF4F79EC3EAA7FFFFA3144A08D778C5E36EBB5EA80506FFF741
INIT_21 = 20CC24B16997A96B7342BC600EDFFBFAF60928115D97EE5DB39A018223B7FBF3
INIT_22 = 085288E471E0A9FBFF90AA5907D7DFC3862B81CDFEB37B5BD304EC91927FF5B2
INIT_23 = AC4C9D1DF80351DFFFCA1A0780FFFF65020B087D7D4DE6334F08E04883FFFFF2
INIT_24 = 084E7B94B26D196FA756FE3048D9FFF570287CE3C90E89776B287F8853E7FFFE
INIT_25 = 8801EE5000E54B377F16BA3B997DFF12280DB2C1C172F6FAF3AE1A92DA37BFDA
INIT_26 = F3B37212034DD00006D673EE4CFDF773091DF2BAD400B2A006C4FEA58F936FCA
INIT_27 = B4F49C1A01C8400A22CCF6738557EDF20385097B2095A000064DD6362FD2F68A
INIT_28 = A7C7A80C0080928402E6650E7C105D64CA8F49E50006004A02F45667F1022EE4
INIT_29 = 2FAB089DC5800C000062E44C42225BBF771741168606E0041042F5104AB1BFF7
INIT_2a = 602C5CE7C202A91F02DCD5BEC8B4295032D30CEA2015540205C4333E06280FFF
INIT_2b = 3BE49D7A984674406EC0417FC05006FA9B61896E90050A2D1182295B7EA0BED7
INIT_2c = 1100D97F400171928183CD5AA55006D89374E975124AF0931381E87BD1D828FF
INIT_2d = 8107EB7F5890F0DE80B3D7D2F95B437C33805A3C250BF2400BD3785CD4694FFD
INIT_2e = A3BDE47F74AFFD559FC7F38E097BEBFB4B5BDD76A52370AF7AB5CBD6EC544ECF
INIT_2f = BA876A955BD6D3AA9FCB7E19093FCBDC6BE02176BF43177B3C979DBF80E5EBA9
INIT_30 = 8652F3EAFFFFCB83055BAC1DD6FD4D5A1444394E77DFA947D41BF439D3BE8BB8
INIT_31 = B6EB2E369FE017600347212DCBFFFAE88004D6EE1EFF7280E107FC7F5177CD97
INIT_32 = E049E61DDFE280EE81CFDC3381CDAFF2E0A806AF3E9E094C30D3CE6D9B7AF75F
INIT_33 = A3556A7AF8B4F0ED0163316B32DBF7F20518CCDF9506CB6D85416E12F9BEFFDA
INIT_34 = DCD860442247F2810121A8F60AFDEF32E058ECC6A08AF007817FECFA1B6FBFD6
INIT_35 = FD2EC56704F93D479992F12543DFFFA9BCC4B5E463BEBD022496446D912AFFFA
INIT_36 = 710821856550190FA0E8D94E02EDDF6CFD430C0C1CC372668042F8069EBBFFF1
INIT_37 = CA91259C31E0E0EB0174C94C465EBF5CAE2158CC0A22191762E8F01E03D7EFB9
INIT_38 = A7067CF11BD2236562C29D6541A6FAECBA94CB271D500622A532C29787FDEFE8
INIT_39 = D318B3C61E0240228D00EBFDA6FEFBEF8B266E517F748076E3F2D3C9575BAF9B
INIT_3a = 180182F70482F3A0A8BCA2A39B5F4D5A0AEA1AC85D8B65B880443561B1EDDF6E
INIT_3b = 800182245B2F7C5C207DEAECC4E5C2E87101076A179CECFC9B0EFB2AFAF3A37F
INIT_3c = 06231BF60D19AD7C5F8E97FE65160FAB24027DC1049FD92E167B8FCA4A3BCBBA
INIT_3d = 172183140BBD9B8E0A29DBECFD9794660DB4DC20BE1D2E0F37B6EF76E169A96A
INIT_3e = C7FEA9602A0A151E0EBBAEFBF09256AB0DFCC052FF7C959E9766FCC7792D7EAD
INIT_3f = A8FA6C82BDA395C7185F777EF94AAA492DBC700053AC6382081E477B79DB9556
PORTA_ATTR:16384X1
WRITEMODEA:WRITE_FIRST
INIT_A = 0
SRVAL_A = 0
PORTB_ATTR:16384X1
WRITEMODEB:WRITE_FIRST
INIT_B = 0
SRVAL_B = 0


RAMB16
"u_imem/U0/xst_blk_mem_generator/gnativebmg.native_blk_mem_gen/valid.cstr/ramloo
p[2].ram.r/s3_init.ram/dpram.dp1x1.ram":
INIT_00 = FD71FFFEE6AAA8D6F03E3F25F5E981F9FCF4AFDF82B553F9789E76C0FDBF82FB
INIT_01 = EFFFB7FF4FFFFEC7F7D82D8BBB4044FAEAB5FFFDA9B96EF6BF7565814E3EA6B8
INIT_02 = 6EA8AEDFFFFFFEBE5A1E3D24AC004AF8EBFFFB7FFFFFFFFA577277977390007F
INIT_03 = DEDFF77DEFFFFEFF3A3547C60A0004F8B3579D767FFFF7DDD76A27E2824311F8
INIT_04 = 07C7FF75FFDFFFFFC888072F1E008578EF3B6EDB7FFFDFF4FA0906F61E50407C
INIT_05 = 1EBF9EFEBFADAFEFF4AF1C7703052438A8F95FDBA5FF7F5E95901E77141240FC
INIT_06 = CFD7FEFEFDFBFF7FFB36C8AF1C4852141F4FD1DFFFBFF6FF971E811B1F4000B0
INIT_07 = 72F65FFEDABFDFFFFF3040B01B00120CE5FB7CDFFE27FFFF666A0A3E1D04840C
INIT_08 = B9BFF3DF846F7FDFFA2267801908224479FF85F7A4FFFFFFBF100C801D2001C8
INIT_09 = CE7CFDF8C00FF7DFFE534688190121A09ECBF9FFC8ADFA7FC30C048219040408
INIT_0a = 6BDF797CFAAFF8EFFF47C5A01A80040C4F26FD5FD12FFDBFFBB005821A000034
INIT_0b = 63EEB25E180FFB0FFEA401A21C10041427E6073F607FEDDFFD742D001A404100
INIT_0c = 32F339F7C606F587FDEE08A01F20411427DFA9EEC50FDF07FF4E15803C000414
INIT_0d = 1CB9C4DF407FBD57FA1942803AA2052C31F607FF080BF2BDEFBEA5C01C000020
INIT_0e = 30FB4E7F0F0E775FFDA00280181000450FFB8AD7001FCB9FEF2ED8A01A00006C
INIT_0f = 13FFFFFF47065BFFFF1048DE304008B431FCFEEB1187D93FFF2809863A832114
INIT_10 = 31FDCFF760870E7FFF06147E31420094517BB7FB10D6DFFFFD3B4BFE38140624
INIT_11 = 63FDEFFF036537FDFF703E3E3890004C33FFBFEE04F3BBBFFFA51B3E30002A00
INIT_12 = 43FDBFFF7907EFFFFF1C49F830A00004C5BDAFFD4507657FFF00017F1C0A6204
INIT_13 = AF7DD7EF5803D1FFFF0C5FC25AD43FFC4BF27FEF40056FFF7F1C5EA7182080C4
INIT_14 = BBF253FF05207DFFF888150885B7FDE857FA55FF0003DEFFFF54424C20FFBFF8
INIT_15 = 5FBF561FFAFBF1FFF3C6005001FFFDCC1FFAE4FF8EA55FBCDD549288217FF6F0
INIT_16 = 5FEBB9EFFFFDBFF7FF90260040FFB5BCBFF2EF7FFFDFDBFF7F892408057FFFDB
INIT_17 = 7FD3DAFFFFFDFBBFFDC3054011D9EF2377F373FFFFF7773FEC7D444004AF9B88
INIT_18 = FFE7EBFFFFFFFBFFE815401A8173BB8CFF7EB3BBFFDF5DFFF81F2CD000DE7FA0
INIT_19 = FFEEFAFFFFFFF6F4F0D002108067FAE0FFA6FEEAFFFFFFFFF822410812DDFEE0
INIT_1a = FABB7FFDFFFFFFFFF07C68BFE17FDAC8FD1DEA6FDFFFFFFFF96B50A0067F7F40
INIT_1b = FA6EF7EF5FFFEDFEF83E619F7FFFFFA0FEB6DEFFFFFBFFFFF8CE7CBFF8FEFF70
INIT_1c = ECFFFFFFFFFF76FFF80E064A19FFEFF2BEF7FFFFFFFFFE7FF81441DF3FFFF7F0
INIT_1d = E5D7BCBAFDDDFFDFF82E5636147FF730F2A9FFF3BFFDF7BBF2CB67968CFFFDD2
INIT_1e = 517FEF156BF1F7FFF89648C33D00004409FE8F7BDDFFFFDFF019000126000224
INIT_1f = 8C0601523AD2FBFFFCA000D1CA00028485197972FD79EBF7BC110141A9100848
INIT_20 = 09F26E11DEEFFFFDF4240B053000000500020739BDFFFFFFF8282B12EC900014
INIT_21 = 9B204B15EDFFF7FFF8088B302C000584085DDF48BFBBFEFFF8601EE145040420
INIT_22 = 6A8D5FF570E9FFFFFC11050548418004A10DEFFDFEB5FFFFF02007E0A9100218
INIT_23 = D012DE7DD803EFFFF979B2EC860005487D514E7F6D55F77BED1021F900100018
INIT_24 = 1904798AD267FDFFF839471AF0100100CBCA5FE7E117BBFFF819240324220080
INIT_25 = D42FFD0852FFFFFFF85107922040400CCA01BD8FE573FFFFF818060500810010
INIT_26 = 28DB7D53035C000808173FB4B80000782225F7CFFCADB2D00C75321594000040
INIT_27 = 80EDFFFFB598498E0B1C0513F84079405C6759F770E88546061A46949694090C
INIT_28 = D4F7FFBE9F80193632164490886FB243D08FDD5F6CFA3DCFB3DE0583A6B88200
INIT_29 = 5FBBEF3FF7D50914985CC1F95251B430BF5DD5FFC6C306017A9E2E0024026288
INIT_2a = 37DBFB77D76BAD1A087F4C72B615455F13FAD969ECB756400E576C5C7857EAD0
INIT_2b = 3C1FBAFBDCEF7E53097B11FFFE07DD21FC9DDEEF90052A1277358DE36843AAFD
INIT_2c = FFBDDE2FC08177C6073ADA585E27FAA1F48EEC77932279B903144B3AEE17F420
INIT_2d = 7A3FFEB7D828F68020307A80F6802C09FC7B1F3DA1033B3880143B88FB0CF530
INIT_2e = FEE9673FD5BDFC5660144F1BF40494247CFFFFF7E48359A80020421CFD02B141
INIT_2f = 091BED57D2C4DFFB90481739FC825530F4BABFF7B70310FFA430199FFC083506
INIT_30 = FF8109EBFB66D27A1000029DAD18901D773D7BAE6D9B3077A0206239FC421025
INIT_31 = 4EFDC1A59FA815014322262C740015157CB743768FDFB7F9D0FA327FEC003148
INIT_32 = 1D3F7BBF9BC080CCA12C0BB3680408071DF7ECB33A9E085F297842ECDC000000
INIT_33 = BFA8E3FCFC20A1429390A74BA8400025F7FFB19DF960422CC1D803D278111021
INIT_34 = 7AEBF52E42812081839E00EFF81000017ED170EF68C05003A9E6E7CBD900202C
INIT_35 = 0FFF3B3F14E814064DE8AF9BF88900547DD83A72A7A28800E1AA0EEBFC000005
INIT_36 = 4AFBCFE45BBD7C0AD1DF0C2EF800009103CFDFFD1FC60381E19C4FFFF8200140
INIT_37 = 5DEDB6FE35C0A08F2A6058CDF40000A11FFDFD7EEBA23D166726ED0DF1040060
INIT_38 = ECEA5BCF8A448045EC2491AEF0020206397BB9E495400223BD7E88BB7050800D
INIT_39 = BFC5CD18B480400019FB935EF800000019DB9BCFBE80A014C9F654A83041202C
INIT_3a = 01E6BDE308022100F0BF12D440012007F9EBEBF1450140209A701F6C51001095
INIT_3b = FBFADF3452251824215C8A4C9E0414030BBF676A101C081000DCFD389D080C80
INIT_3c = F7EC6CBD081008057D8CBD04DE00A084CDD52EB908880809095E9B14DE002457
INIT_3d = 37BC54BBC8800086592E88AF4C00214DFFFB27DBA408020D73A668F06C00822D
INIT_3e = 07FD64132000001E1D1226F3F0000094DFFF3863AA700100952677C274080002
INIT_3f = 2DFB9B7EC9004000531675FB58280066FDBFCE06402020109B1650BFF680210B
PORTA_ATTR:16384X1
WRITEMODEA:WRITE_FIRST
INIT_A = 0
SRVAL_A = 0
PORTB_ATTR:16384X1
WRITEMODEB:WRITE_FIRST
INIT_B = 0
SRVAL_B = 0


RAMB16
"u_imem/U0/xst_blk_mem_generator/gnativebmg.native_blk_mem_gen/valid.cstr/ramloo
p[3].ram.r/s3_init.ram/dpram.dp1x1.ram":
INIT_00 = 0037FFC1E0000F2B01316DE6DB96107600F3EFDFE000060E81D81ED63ABD9434
INIT_01 = 0FE005FD4FFFFBF82AF15F870901C06D0087004021102EFFD7087DB02244214F
INIT_02 = 7FFFF564800000145F0D0E8C3C084ADF905FED88100401527E521D251F1E80CA
INIT_03 = DEDFBDAB32A000023F605FCFDEA404E7F7FEEB89880000095E6F1F4AFF5B10DB
INIT_04 = 1007FBDEAA69110009DF00F39F8884EF013FFFF6C008A0003F429D5A975060DB
INIT_05 = D0801FFFEDF7FFF81192444F9F5524F380015FFFFE88AAE001B7500F9B5250EB
INIT_06 = 9217007FFFEFFE7D0509FEFA9C4AD27B204801FFDAFD7FF42133D5FFDB40487F
INIT_07 = C4C2544D054FC5C7422D68F85B05527BC98B209FFFDFF81E95175FDF9904943B
INIT_08 = B93B00027F9B0F51E7597678BB2A2A3B7A300A02550F07E3C24D58C55F02A13F
INIT_09 = D480A0910AF41518E93852FADD01A11FB80BCB14371C2A59FE7D2C473F25543F
INIT_0a = EE404EA10008784E7D9AE0F95C800033CE30738128E03C1C7D2B22EEBA00000B
INIT_0b = E78E5C8AE6B0F00E3FE1AA7ABC10006BE60DFF9D1741691E1F13206D3944003B
INIT_0c = F79D70C868FAF4050C9789F93520400BE7DBAE5439A1DB070F0D596ABC4A002B
INIT_0d = FDE3144E27D3B457027344E9B0A20053F3C6A8BE8791D01C81E9A876BC04001B
INIT_0e = F7F36BA7F5DA755F40ED443D3010001EEFE2A783ADD5C91F80E3D5F9BC000213
INIT_0f = D3F28EABB0FA52EF4041E15F2040000BF1E02C00825F993FA1F141D9BE83206B
INIT_10 = F1E0A781977F067EA8074FFF2942002BB3F24691F70EDBFFD1B2493F3814001B
INIT_11 = 67F144C0FE1C13FCB4CDBFFC28900013D3B8CC80FE06A9BFC98C19FCB800205B
INIT_12 = 4FFAC4D0D98EADFFB50641FD1CA00493C7E05C80E4CA257F512C9DF9FC02002B
INIT_13 = EFD1A4D0990C91FDF37B530D2C23FD5B4FE3CCC8EE8D4FFFC9C1551A0420803B
INIT_14 = FFC1EAF9872855FBDDB51798A45822E7D7F224DAF0190EFFD54F6033FF00113F
INIT_15 = FEA3AC18847841FFD3B50AFDF5000FC39FE0DCE67E041FBDC36557FFFDC88B6F
INIT_16 = FFA1C8FE40000DF7FA18375DEE005D93FFC1C65A0000937FF753277FFFC015CD
INIT_17 = FF80A88D200011BFF7DA07FDFD267F14FA80AA6A9000133FB5FA4CD6FE107FBF
INIT_18 = D98780F5420010FFF9FD53FFF7BDBAB3FE09C98F48000977F1732DDBDC3BBF97
INIT_19 = F40E8F8AC40142D5F3920BFDF6E7EA17FE054BEF28002B7FFB7C55BFFE3F741F
INIT_1a = F03E86F7D40402FFF57CFA8A06E0B537D51D0A4A710015AFD42957FFFEC00027
INIT_1b = C07D11EDFA00006EF17A75C5CFD2BFA7903807FEA12045BBF5EF7EEC1E617FF7
INIT_1c = 80F817F5E24400BDF500AD6B8D0BFFD720782FFE96900457F158545587EA77D7
INIT_1d = C1EB9DB1E77C124FF15451FFFE4AFFB7A0A925BD7C02032BF5C476668F877FC7
INIT_1e = 402000C3AE8C025FFBC36FCB3F00042B01800410169705D5F01AA39DFFE0089B
INIT_1f = 80FE04201F8E0157FFA153AFEA00003B00280800078401B5BD2127F9FF100017
INIT_20 = 12007E997DA302D4FD645E1FB800025A1A94072C3722016EBF6125DFEC9008AB
INIT_21 = CC069F6ED736016B7A2A83053800001300AB8761EA700455B91E09EFE504000F
INIT_22 = F529221075FE016BF03003D8E941203B58B41FA2F01C815BD0242701FC100847
INIT_23 = 46A07205F7FC01DFF1723603E000009340AA76017FFC0233490C35E9A0100207
INIT_24 = 26AC049CED8C117FF844637BF010000BC8148583FEEE0977F02032B9F4A20023
INIT_25 = D4AC01AF80ED033F7B3027AFF85040B3C60204FF915C55FFFEDC1497F8010027
INIT_26 = 0A2200118347FD1AAA7277FBF8000887380403CF1C94100E1F4C33BF5D000037
INIT_27 = 232804F695B5A6A1E30769E9FC4086BF0FE00196A0517504B04D4B468A940033
INIT_28 = FB700EAF9FCBEC5F795A66CE3435E49847020F9FAD527A34B9CE4DC47500F93B
INIT_29 = E49880CC1737F2B6194EEB64353FEA4010480245071FFA75E30C67E87F7FD822
INIT_2a = 3B5BDCFFA0805347DA50C52E3FED7AA064E4CEFD0400E73F2C4667AF7E3FF40A
INIT_2b = 2FFA1CEDEA83D2BEF35E4E7ABE2C1A54FE2E08FDEBA2F3C7A008BB739638B502
INIT_2c = 1E68DE7DFFF978698E29CE6AFA0D1D52CBECAE77FFDFF2EF52255BBE3E2D2F82
INIT_2d = E7FB3C7DB7FCF8DE7F274E9B8E248FDA5F2A1C7CDEFFF9FC8F273E41EE15CA82
INIT_2e = 16E0677DBFFD782BBF034C47FE803FC27BC17F74DFF753FFFB65450632293FB0
INIT_2f = F0894013D0D45F577F5336E1F4403EC31C5893F4FFD71804DD3719607F129EF0
INIT_30 = 0237080AF9201A895D5B296178023FE078A78A6EE4893D804C5B77092C017FC2
INIT_31 = B104505280000069B12524C0BC00000282736A2480001A00730D3941BC889EA2
INIT_32 = E2C039A90280840C1BCB5E82FC840000E6E1B515004E0C1D1A774A8164000082
INIT_33 = 62BF928D8D40020F87E733519840000005E37305DA20068997CB23E180111006
INIT_34 = A57F9FF51D8049A1578523B870100046933F9325524105C71F35E3F3C1042001
INIT_35 = FC913B8445E7E83A966AFED9C8890002CD7F4832B9E160B8BCA241FDCC000000
INIT_36 = FA6A5EEC6A4CE8D8DF3E4CFF80400002FFEAD3A0114DED98FE5967FF80200006
INIT_37 = F7021F9EC2A05998139C46A434040002D046DF91F8C866985B16E56F59040006
INIT_38 = 72D1E2A760DEE30829ED82AED902000183E1B2CED310049402C8D9EAB0508002
INIT_39 = 0536DEEDC38211C00936C7545008000082C9DD9300F421900796CD024841200A
INIT_3a = 1B00AC1E62C8D7E210240DD594056D00021C6C4B828A25C20AFF1BDFA5201000
INIT_3b = 7EBCB13FD50B64628834C7281EC55404F025EF1F4184E4C20A77ECFCDBABAA82
INIT_3c = 867DA8F60309A5680D13BF2EFFD6AA807E599407E39FDD7015BA9210136BAD50
INIT_3d = A4378B3F273D9B190D499FCB69BBB54002A19D7263152D1006176A764971AA22
INIT_3e = A23D95F0664A155145EBAED3A09A549036398053232C959D4069FCEBB77D6A00
INIT_3f = CF2CE405C5E0C5CC03817FDC097F2A400EB9B0030F8C6394023B54A19DDEB500
PORTA_ATTR:16384X1
WRITEMODEA:WRITE_FIRST
INIT_A = 0
SRVAL_A = 0
PORTB_ATTR:16384X1
WRITEMODEB:WRITE_FIRST
INIT_B = 0
SRVAL_B = 0


RAMB16
"u_imem/U0/xst_blk_mem_generator/gnativebmg.native_blk_mem_gen/valid.cstr/ramloo
p[4].ram.r/s3_init.ram/dpram.dp1x1.ram":
INIT_00 = FF8FFFFE08000E1FFE61C93FFF006FE7FF0FEFDFF80007FFFE71F9E8FFBDEBF7
INIT_01 = F00005FD4FFFFFFFC051D87AF7FE3FE7FF47004021102EFFE8C1DAC23EFBDFC7
INIT_02 = 7FFFFFFFFFFFFFEBA0FBC96BB2F7B5C7005FFFFFFFFFFEAD80F1DA9FD1E17FC7
INIT_03 = DEDFFFFFFFFFFFFDC09AB9483D5BFBCFF7FFFFFFFFFFFFF6A097FB8C97A4EFC7
INIT_04 = E807FFFFFFFFFFFFF027F6DC61777BC7013FFFFFFFFFFFFFC0A75BAD69AF9FC7
INIT_05 = 1F401FFFFFFFFFFFE84BABB87DAADBF7BF015FFFFFFFFFFFF87F9EF86CADAFE7
INIT_06 = E3E8007FFFFFFE7FF8DD025560B52DFFC7B001FFFFFFFFFFF8EF236425BFB7FF
INIT_07 = 38FDA04C0547C007F9DD94CFA5FAADFFF1F4809FFFFFF81FF8DDA16165FB6BFF
INIT_08 = DE3FFC037F8300A1FFB78CC747F5D5FFDC7FF00355070003FFF7A4BAA1FD5EFF
INIT_09 = EF00FE01080C0AE0FDB6AD8563FE5EFFCF0BF415370405A1FFFFD3B8E3FAABFF
INIT_0a = 73A0796100B007B07DFE18A6A77FFFFF77C07D6100E803E07DFBDA1161FFFFFF
INIT_0b = 78F1677807F80FF03C635E6563EFFFFF3BD007E107C816E01DF5DCD2E6BBFFFF
INIT_0c = 38E9AD303D010BF80FF77C66EADFBFFF39E2BD78380824F80C99AD9563B5FFFF
INIT_0d = 1ABD213070184BA80087BC966B5DFFFF3DF8AFC050FC2FE20259548963FBFFFF
INIT_0e = 38FD19C806A18AA0021FBDD2EBEFFFFB1C7DB02C07D036E0021F262763FFFFFF
INIT_0f = 3C7C07F47701AD1002B71960DFBFFFFF3EFE29FE730066C0021FB9AE457CDFFF
INIT_10 = 3F7E0FEE7000F98002EFBD00D6BDFFFF5C7C0FEE70F124000257B9C0CFEBFFFF
INIT_11 = F8FE0DDF0373EC0202365C43DF6FFFFF3C7C0DFF075156400268F9C34FFFDFFF
INIT_12 = F0FC0DEF2E01520002FCAFE61B5FFFFFF93F0DFF7181DA8002E66D07EFFDFFFF
INIT_13 = 9A7E05DF68036E0002ACBE800BFFFD4FF1FD0DFF4802B000020ABBF20BDF7FFF
INIT_14 = 81FC03EF0007AA00004EE8677A00201F6BFD85FF0006F10002909E73FF001007
INIT_15 = 05FC071FFF87BE000D4EF5020B80003B77FD05EF305BE042248AA80003C8801F
INIT_16 = 17FE00EFFFFFF2080C9EC8A21080027B2FFE0E7FFFFF6C800AFED88001C0003F
INIT_17 = 3FFD02DFFFFFEE400F22F802038000F557FD026FFFFFECC00ACAB3290080007F
INIT_18 = BFF803EFFFFFEF000903AC000980457B5FF603AFFFFFF688018FD22422800077
INIT_19 = FFF009DFFFFEBD2A036CF402089815F77FF909EFFFFFD4800B86AA4000800BFF
INIT_1a = FFC009EFFFFFFD00018205B0089FFFFFFFE0096FFFFFEA5007C7A80000BFFFF7
INIT_1b = FF801DFFFFFFFF91058C8B1A700FFFA7FFC009EFFFFFBA4401118130189FFFF7
INIT_1c = FF001DEFFFFFFF4205E0538B11F41FD7FF8021FFFFFFFBA803A8AA9A3805B7D7
INIT_1d = 2E401D80FFE3EDB007A0AFC798750FB7FF472DABFFFFFCD405208BC740F80FC7
INIT_1e = AA0008C7CFE1FDA0033A93F3F8FFFFFF00040CFFEFE0FA2A05E45BE998FFFFFF
INIT_1f = 40F818347FC3FEA8076FAFE1CDFFFFFF281A08025FE0FE4A418FDBF3FEEFFFFF
INIT_20 = 3FFFAA67FFE3FD2B01FEB36537FFFFFF1FFC0BBC3FE3FE9143FFDDF2EB6FFFFF
INIT_21 = 3FF3CB99FFD3FE9486FC73202FFFFFFFFFF84B9FFFF3FBAA45CCF56146FBFFFF
INIT_22 = 37F9CA0075F9FE940DFEFC9E6EBEFFFF3FFD4BFF0019FEA428FADFDFAFEFFFFF
INIT_23 = D7F34605FFFBFE2003A0CA6B9FFFFFFFB7FBC6017FEBFDCCB2DADDAFDFEFFFFF
INIT_24 = EBF88084FFF1EE800390994B67EFFFFF3BFF618BFFDBF68806F6CC233F5DFFFF
INIT_25 = 3F5C04D1FF32FCC083D6DD59B3AFBFFF0DF34183FEF3AA00027EEE61CBFEFFFF
INIT_26 = ABF4812AFC2000080E868C0AB7FFFFFFEBF007BBE367EFFE0BA6C9541AFFFFFF
INIT_27 = 1012059EEAB4078F05EA9F94B3BFFFFF3BE880EBDF94050602B6BDAF956BFFFF
INIT_28 = 848C0C8FE1F42ABB7FB49BAFB4FFFFFF7C700C9FD272357BBF38B3AE1700FFFF
INIT_29 = E34006CD690FF4141DA01C2BF0FFFFFF4DA204E779F10621FFE292A7AEFFFFFF
INIT_2a = 0B539EFFFFFFF7B00EAE3AD1BF7D7FFFA704CCFD7BFFF39209B890D0FEFFFFFF
INIT_2b = B7FA1EFFFFFFFF5A0CBEB51CBFFC1FFF17FF0EFFFFFFF74A53FE54A117F8BFFF
INIT_2c = E304DE7FFFF97F7467F82A317BFD1FFF77E8AE75FFFFF7FC21F4BBE5BFFD2FFF
INIT_2d = F30BBE7FFFFCFE7FBFF0A8480FFFCFF7E3091E7EFFFFFF3D70F4C20C2FFDCFFF
INIT_2e = 1E10777FFFFD7283FEF2BFF0B7FFFFFF77C17F76FFF757AF7EF2BAE191FFFFFF
INIT_2f = D4E94013D0D45C821FE6CC07F7FFFFFF5C0897F6FFD71200DEC2ECE25FFFFFFF
INIT_30 = 78D8F0EAF9201DF59FFED4037BFFFFFF80C40AEEE4893EB867F688CF2FFFFFFF
INIT_31 = FB836EE88000007872FED892BFFFFFFFFD8CD4E480001D7F71FEC501BFFFFFFF
INIT_32 = FB60E6D9217F7A0DFAAEA78EEF7BFFFFF8604E130121F21C7AA2B4D247FFFFFF
INIT_33 = 3C7C6D8C969FFC0F7692CA049FBFFFFFFA342CA5969FF80976A0D94F87EEEFFF
INIT_34 = 847871C583FFFE41B634DC4B47EFFFFF8C98FDFA45FFFA077E521B0746FBDFFF
INIT_35 = 007EFD045E9FFFC2BF3407FE8F76FFFF80DCB443A31FFF409D60B9D443FFFFFF
INIT_36 = 65852BF3DFFE2FE0DED0B53097BFFFFFF9AB3DC0A635FDE09EF897F947DFFFFF
INIT_37 = 9108C0E2CDE06DE01F68BDC92BFBFFFFA088E9FBFB53F3E05D2E1D10DEFBFFFF
INIT_38 = CAF053C531D4833232A56FC9BEFDFFFF8780383CADD004683A6E3B7F2FAF7FFF
INIT_39 = 68F4653CBF8001FD5EBA2CA9EBF7FFFFF748686ACFF021E915643FCB6FBEDFF7
INIT_3a = E3F8CFFC9E8003FD1FDCFF7607FA92FFF660B3B93F8001FD1DBBFEBE16DFEFFF
INIT_3b = FF40F9C02F01807D4F783DC4993AABFF7DD973E03F8600FD4DD917D61A54557F
INIT_3c = F785C0F77F02507E8B4F48D09829557FFFA1BC001F88287EDB6665DADC9452AF
INIT_3d = A7C1FFC49F02641EAEB764260C444ABFF341FC7D9F02D01E807191802C8E55DF
INIT_3e = C7C1FA0E1E15EA1EA71952285365AB6FC7C1FFAE9F236B1EA7870028468295FF
INIT_3f = 8FC0FFFCBD1FFA0FA1B780A3F280D5BFCFC1FFFE3F13BC1762C5AA5E66214AFF
PORTA_ATTR:16384X1
WRITEMODEA:WRITE_FIRST
INIT_A = 0
SRVAL_A = 0
PORTB_ATTR:16384X1
WRITEMODEB:WRITE_FIRST
INIT_B = 0
SRVAL_B = 0


RAMB16
"u_imem/U0/xst_blk_mem_generator/gnativebmg.native_blk_mem_gen/valid.cstr/ramloo
p[5].ram.r/s3_init.ram/dpram.dp1x1.ram":
INIT_00 = 0000000008000FFFFF9E2BDBE0FF801800001020080007FFFF8E389EF0420008
INIT_01 = 000005FD4FFFFFFFFF2E3A6E8C0000180007004021102EFFFF3E3AFA41000038
INIT_02 = 7FFFFFFFFFFFFFFFFF062AAC71000038005FFFFFFFFFFFFFFF0E3A5E38000038
INIT_03 = DEDFFFFFFFFFFFFFFF0B19D0FC000038F7FFFFFFFFFFFFFFFF0C1AC0FC000038
INIT_04 = 0007FFFFFFFFFFFFF912363CE0000038013FFFFFFFFFFFFFFF121BCDEA000038
INIT_05 = E0001FFFFFFFFFFFF9241C38FE00000840015FFFFFFFFFFFF9123F38EE000018
INIT_06 = FC00007FFFFFFE7FF9040155E1000000F80001FFFFFFFFFFF92418E4E6000000
INIT_07 = 3F00004DFABFC007FF04004FE6000000FE00009FFFFFF81FF9040361E4000000
INIT_08 = 1FC00003807B0001FF4C007FE40000005F800003AAFF0003FF0C00FFE6000000
INIT_09 = 0FFF0001F7FC0000FD0904F7E40000000FF40015C8FC0001FF4804FDE4000000
INIT_0a = 83FF87C1FF4800007D0102FFE000000087FF8081FF1800007D00007DE4000000
INIT_0b = 80FF8F88F80800003C12003DE0000000C3FFFA41F83800001D88027FE0000000
INIT_0c = C0F141F082F800000C68023FEC000000C1FA4F7CC6F800000C5E037FE4000000
INIT_0d = E0BE31C0AFE80000000E09FFEC000000C1FE8FC0AF08000000860A3FE4000000
INIT_0e = C0FEAF80F8080000000E003FEC000000E07EB180F8280000000E007FE4000000
INIT_0f = C07EF20088F8000000160461D8000000C0FFCE008CF80000000E04FFC0000000
INIT_10 = C17EF2008FF8000000060081D8000000E07FF2008F88000000160441C0000000
INIT_11 = 00FEF020FF880000001F01C3D0000000E07FF000F8F00000000304C3C0000000
INIT_12 = 00FFF000F0F80000001F000004000000013EF0008E780000001F138660000000
INIT_13 = 0A7EF82087F80000000F0E80040002B001FEF000B7F80000002B0FF204000000
INIT_14 = 01FFFE00FFF80000033F000001FFDFF803FEF800FFF800000023018C00FFEFF8
INIT_15 = 05FEFAE00000000003370000007FFFFC17FEF800000000000033000000377FF8
INIT_16 = 17FDFC000000000003010000017FFFFC2FFDFA800000000001410000003FFFF8
INIT_17 = 3FFEFE200000000004FD0000007FFFF257FEFE800000000003410000017FFFF8
INIT_18 = BFFDFF00000000000E000000007FFFFC5FFDFF50000000000E040000017FFFF0
INIT_19 = FFFDF7200000000004030000017FFFF07FFEF700000000000C010000017FFFF8
INIT_1a = FFFDF70000000000043D003FF17FFFF8FFFFF7900000000002300000017FFFF0
INIT_1b = FFFDE70000000000040F001E7FFFFFA0FFFFF70000000000040E003FE17FFFF0
INIT_1c = FFFDE700000000000411000811FFFFD0FFFFD700000000000409001C3FFFF7D0
INIT_1d = EFFBA77F000E000004110000007FFFB0FFF0D728000000000411020000FFFFC0
INIT_1e = 55FDF228001E00000011040C00000000FFFBF600001E00000711040600000000
INIT_1f = AF03E2CB801C00000466041E30000000D7C5F2FF801E00000646040E00000000
INIT_20 = C0025018003C00000633029AC8000000E007F123C03C00000436002D10000000
INIT_21 = 0808B1020004000005370C1FD000000008027108002C00000633031EB8000000
INIT_22 = C806300075FE0000060F003490000000C8063182001E0000031F0468D0000000
INIT_23 = 6808A405FFE60000070F065070000000C80034017FF60000032F0198F8000000
INIT_24 = 340487B4FFC400000717000A1800000004048683FFE60000071F0453F8000000
INIT_25 = 04040625FFF800000429008EDC000000440806B1FFBC0000050B018CF4000000
INIT_26 = 5000037CFFFBFFF7F73D009300000000100A0583FFFC0001F439048EE8000000
INIT_27 = A380079EFF4BF870FE1D0089F000000030000382FF6BFAF9FF19008304000000
INIT_28 = 2B000F8FFE0DD0008617089075000000E3800F9FFF8DC702461F089256FF0000
INIT_29 = 200007CD7EFFF0EBE40103B775000000880007C77E0CF9DA060300987F000000
INIT_2a = 6CA85FFFFFFFF7F5F5010B45BE02800067FF0FFD7FFFF3EDF4010B027F000000
INIT_2b = BC011FFDFFFFFFA1F0010B803E03E0009C088FFDFFFFF7C58E010B1996074000
INIT_2c = FCF4DF7DFFF9778BF9071401FA02E000FC12AF75FFFFFF02FD0B05983E02D000
INIT_2d = FCFB3F7DFFFCF7FF400F04300E003000FCFE1F7CFFFFF6C3FE0B1438AE023000
INIT_2e = 1D00667DFFFD7D03FF2F0324B40000007CC15E74FFF75CAFFF0F162892000000
INIT_2f = B7C94151D0D450025F3F06C0F4000000ABC892F4FFD71D809F2F01225C000000
INIT_30 = 02380548F9201081DF3F03C07800000003144B4CE4893080771F01C82C000000
INIT_31 = 00C0D13E80000078F3370241BC00000000BC097680001000733F02C0BC000000
INIT_32 = 07C061B50000000CFB0F0382F800000007A00D2D0000001D7B3B02C164000000
INIT_33 = 23FDE3F20C00000FF70704109800000005B8E3FBA8000009F70D05E380000000
INIT_34 = 87B871C503800001F7DF0302C000000083D8F3C044400007FFA5000140000000
INIT_35 = F75E384450000002FFCF0808B8000000877C324383000000FDCB060E60000000
INIT_36 = 76ED804E73BFB800FFE702C1E8000000FEF61C81013E0300FFED000B20000000
INIT_37 = D3FFECCAC09F8E803C730220A000000082FFB643FBC3B0007E1502E070000000
INIT_38 = 43FFE200002B7C003DA8110090000000C2FFE000812FF8003DF30492E0000000
INIT_39 = 014BC4BD007FFE0010750002DC0000008257C048800FDE001879112040000000
INIT_3a = FDFF8CBF817FFC0010DB000880000000027F27BF807FFE00107C100080000000
INIT_3b = FFFF7EFF00FEFF80007F00109E00000081FEF0BF007BFF0000BA10009C000000
INIT_3c = F7FA3F0900FFFF8008FE00009E000000FFFE7BFF0077F780182D00009E000000
INIT_3d = 47FE000380FFFFE009D600030E000000F3FE038380FFFFE001F600000E000000
INIT_3e = 27FE000101FFFFE005FA00010000000007FE000180DFFEE005FE000104000000
INIT_3f = 4FFF000382FFFFF003320183000000000FFE000100FFFFE800EA000304000000
PORTA_ATTR:16384X1
WRITEMODEA:WRITE_FIRST
INIT_A = 0
SRVAL_A = 0
PORTB_ATTR:16384X1
WRITEMODEB:WRITE_FIRST
INIT_B = 0
SRVAL_B = 0


RAMB16
"u_imem/U0/xst_blk_mem_generator/gnativebmg.native_blk_mem_gen/valid.cstr/ramloo
p[6].ram.r/s3_init.ram/dpram.dp1x1.ram":
INIT_00 = FFFFFFFFF7FFF00000002F4400000000FFFFFFFFF7FFF80000003EC300000000
INIT_01 = FFFFFA02B000000000003E7106000000FFF8FFBFDEEFD10000003ECD80000000
INIT_02 = 800000000000000000002ED07E000000FFA000000000000000003E601E000000
INIT_03 = 212000000000000000063E271E000000080000000000000000023F3196000000
INIT_04 = FFF8000000000000060E193F1E000000FEC0000000000000000E3C1E1C000000
INIT_05 = FFFFE00000000000061E007F1C000000FFFEA00000000000060E003F1C000000
INIT_06 = FFFFFF8000000180063E007F1E000000FFFFFE0000000000061E00FF1C000000
INIT_07 = 3FFFFFB200003FF8003E03781C000000FFFFFF60000007E0063E007F1E000000
INIT_08 = 1FFFFFFC0004FFFE003E03401C0000005FFFFFFC0000FFFC003E03801C000000
INIT_09 = 0FFFFFFE0003FFFF027E03885C0000000FFFFFEA0003FFFE003E03823C000000
INIT_0a = 03FFF9FE0007FFFF827E07A01C00000007FFFF3E0007FFFF827E07023C000000
INIT_0b = 00FFFFF70007FFFFC3FC07223C00000003FF07DE0007FFFFE27E07403C000000
INIT_0c = 00FEFE0F0007FFFFF38007203800000001FDF0830007FFFFF3E0060038000000
INIT_0d = 00BFFE3F0007FFFFFF0007803800000001FF703F0007FFFFFF00070038000000
INIT_0e = 00FFF07F0007FFFFFF000F1038000000007F7E7F0007FFFFFF000F2138000000
INIT_0f = 007FF9FF0007FFFFFF080F5E3800000000FFF1FF0007FFFFFF000F8E38000000
INIT_10 = 017FF9FF0007FFFFFF180F7E38000000407FF9FF0007FFFFFF080F7E38000000
INIT_11 = 00FFFBFF0007FFFFFF0E0F7E38000000207FFBFF000FFFFFFF1E0FFE38000000
INIT_12 = 00FFFBFF0007FFFFFF0E1FFFFC000000013FFBFF0007FFFFFF0E0F7E7C000000
INIT_13 = 0A7FFBFF0007FFFFFF1E017FFC00000001FFFBFF0007FFFFFF1A000DFC000000
INIT_14 = 01FFF9FF0007FFFFFF1E00000000000003FFFBFF0007FFFFFF12000000000000
INIT_15 = 05FFF9FFFFFFFFFFFE1600000000000017FFFBFFFFFFFFFFFD12000000000000
INIT_16 = 17FFFBFFFFFFFFFFFD7E0000000000002FFFF9FFFFFFFFFFFF3E000000000000
INIT_17 = 3FFFF9FFFFFFFFFFF87E00000000000857FFF9FFFFFFFFFFFC3E000000000000
INIT_18 = BFFFF8FFFFFFFFFFF0000000000000005FFFF8FFFFFFFFFFF802000000000008
INIT_19 = FFFFF8FFFFFFFFFFF8000000000000087FFFF8FFFFFFFFFFF000000000000000
INIT_1a = FFFFF8FFFFFFFFFFFA00004000000000FFFFF8FFFFFFFFFFF800000000000008
INIT_1b = FFFFF8FFFFFFFFFFFA0000E180000058FFFFF8FFFFFFFFFFFA0000C000000008
INIT_1c = FFFFF8FFFFFFFFFFFA0E01F7EE000028FFFFF8FFFFFFFFFFFA0601E3C0000828
INIT_1d = 1F847800FFF1FFFFFA0E03FFFF800048FFFFF8D7FFFFFFFFFA0E01FFFF000038
INIT_1e = 55FFFDFFFFE1FFFFFC0E03FFFE000000FFFFF9FFFFE1FFFFF80E03FFFF000000
INIT_1f = B005FDFBFFE1FFFFF81803FFFC000000D7FFFDFFFFE1FFFFF85803FFFC000000
INIT_20 = E0000D00FFC1FFFFF80C0BFFFC000000E001FCD0FFC1FFFFF80807FFFC000000
INIT_21 = 00044C01FFE9FFFFF81E07FFFC00000000040C00FFC1FFFFF83E0FFFFC000000
INIT_22 = E001CDFF8A01FFFFF91E03F0FC000000E001CC7DFFE1FFFFFC1E0380FC000000
INIT_23 = 800459FA0001FFFFF81E01B8C0000000E005C9FE8001FFFFFC1E027880000000
INIT_24 = 000379770003FFFFF82E0785480000000002797C0001FFFFF80E039C90000000
INIT_25 = 0003F9880007FFFFF80E070DF0000000B804F90E0003FFFFF8140703E0000000
INIT_26 = 240FFCFF0007FFFFF9020703FC0000000407F8020003FFFFF9060707FC000000
INIT_27 = FDFFF8610007FFFFF90007118C000000E41FFC7D0007FFFFF9020717F8000000
INIT_28 = F7FFF0700007FFFFF90807100A000000BFFFF0600007F8FDF900071228000000
INIT_29 = FFFFF83280000FFFFB1E0E1A0A000000D5FFF8388007FFFFF91C0F1000000000
INIT_2a = F00420000000080FFB1E0E3AC0000000F800300280000C7FFB1E0E3D00000000
INIT_2b = 4004E0020000007FFF1E0E7FC0000000600070020000083FF91E0E66E8000000
INIT_2c = 000B20820006807FFE1E0FFF040000000005508A0000007FFE1E0E67C0000000
INIT_2d = 0004C0820003007FFF1E1FEEF00000000007E0830000007FFF1E0FE650000000
INIT_2e = E0FF988200028083FF1E0CE248000000803EA08B0008A02FFF1E0DE66C000000
INIT_2f = FCD6BEEE2F2BA0025F1E01C108000000F4F76C0B0028E080DF1E06E0A0000000
INIT_30 = 019806B706DFE001E31E01C18400000000BC74B31B76C000773E03C9D0000000
INIT_31 = 03FFC2FF7FFFFF868C0601C04000000003BC029B7FFFE0800D1E01C140000000
INIT_32 = 01FFE27EFFFFFFF3041600430000000001DFCEFEFFFFFFE3840A014098000000
INIT_33 = 23FDE27FF2FFFFF0080A03F16000000003BFE27EEBFFFFF60814022278000000
INIT_34 = 87F8707AFC3FFFFE086007FBB800000083D8F27FBBBFFFF8004A07F2B8000000
INIT_35 = FFBE39FBAFFFFFFD007007F77000000087BC33FC7CBFFFFF027407F7B8000000
INIT_36 = 77128FBEEA01BFFF00380FFF70000000FF191F7FFEFFFEFF00320FF6F8000000
INIT_37 = D2003FBD3F7FF37FC09C0FFFD0000000A3007D68043C0BFF80F80FFFA0000000
INIT_38 = C30035FFFFFFFFFFC0DE0EFF60000000C3001EEF7EFFFFFFC09C0FED50000000
INIT_39 = 00801B427FFFFFFFE04E1FFF2000000083A03DD77FFFFFFFE08E0EFFB0000000
INIT_3a = FE0033C07FFFFFFFE0661FFF780000000380FEC67FFFFFFFE0460FFF78000000
INIT_3b = 00000000FFFFFFFFF0A20FFF6000000002001FC0FFFFFFFFF0660FFF60000000
INIT_3c = 08000000FFFFFFFFF0F007FF6000000000000000FFFFFFFFE0F20FFF60000000
INIT_3d = F80000007FFFFFFFF0F803FCF00000000C0000007FFFFFFFF8D807FFF0000000
INIT_3e = 38000000FFFFFFFFF8EC01FEFC000000180000007FFFFFFFF8F803FEF8000000
INIT_3f = 700000007FFFFFFFFCCC007CFC00000030000000FFFFFFFFFDFC01FCF8000000
PORTA_ATTR:16384X1
WRITEMODEA:WRITE_FIRST
INIT_A = 0
SRVAL_A = 0
PORTB_ATTR:16384X1
WRITEMODEB:WRITE_FIRST
INIT_B = 0
SRVAL_B = 0


RAMB16
"u_imem/U0/xst_blk_mem_generator/gnativebmg.native_blk_mem_gen/valid.cstr/ramloo
p[7].ram.r/s3_init.ram/dpram.dp1x1.ram":
INIT_00 = 0000000000000000000010B80000000000000000000000000000013C00000000
INIT_01 = 0000000000000000000001800000000000000000000000000000013000000000
INIT_02 = 0000000000000000000011000000000000000000000000000000018000000000
INIT_03 = 000000000000000000000000E000000000000000000000000000000068000000
INIT_04 = 000000000000000000000000E0000000000000000000000000000000E0000000
INIT_05 = 000000000000000000000000E0000000000000000000000000000000E0000000
INIT_06 = 000000000000000000000080E0000000000000000000000000000000E0000000
INIT_07 = C00000000000000000000087E0000000000000000000000000000080E0000000
INIT_08 = E000000000000000000000BFE0000000A0000000000000000000007FE0000000
INIT_09 = F0000000000000000000007FA0000000F0000000000000000000007FC0000000
INIT_0a = FC000600000000000000005FE0000000F80000C000000000000000FFC0000000
INIT_0b = FF00000000000000000000DFC0000000FC00F82000000000000000BFC0000000
INIT_0c = FF00000000000000000000DFC0000000FE00000000000000000000FFC0000000
INIT_0d = FF400000000000000000007FC0000000FE00000000000000000000FFC0000000
INIT_0e = FF00000000000000000000EFC0000000FF80000000000000000000DEC0000000
INIT_0f = FF8000000000000000000081C0000000FF0000000000000000000071C0000000
INIT_10 = FE8000000000000000000081C0000000BF8000000000000000000081C0000000
INIT_11 = FF0000000000000000000081C0000000DF8000000000000000000001C0000000
INIT_12 = FF000000000000000000000000000000FEC00000000000000000008180000000
INIT_13 = F5800000000000000000000000000000FE000000000000000004000000000000
INIT_14 = FE000000000000000000000000000000FC00000000000000000C000000000000
INIT_15 = FA000000000000000008000000000000E800000000000000020C000000000000
INIT_16 = E8000000000000000000000000000000D0000000000000000000000000000000
INIT_17 = C0000000000000000000000000000000A8000000000000000000000000000000
INIT_18 = 40000000000000000000000000000000A0000000000000000000000000000000
INIT_19 = 0000000000000000000000000000000080000000000000000000000000000000
INIT_1a = 0000000000000000000000000000000000000000000000000000000000000000
INIT_1b = 0000000000000000000000000000000000000000000000000000000000000000
INIT_1c = 0000000000000000000000000000000000000000000000000000000000000000
INIT_1d = 0000000000000000000000000000000000000000000000000000000000000000
INIT_1e = AA00000000000000000000000000000000000000000000000000000000000000
INIT_1f = 4000000400000000000000000000000028000000000000000020000000000000
INIT_20 = 0000000000000000000004000000000000000000000000000000000000000000
INIT_21 = 0000000000000000000000000000000000000000000000000000000000000000
INIT_22 = 00000000000000000000000F0000000000000000000000000000001F00000000
INIT_23 = 0000000000000000000000073C0000000000000000000000000000077C000000
INIT_24 = 000000080000000000000000840000000000000000000000000000000C000000
INIT_25 = 0000007E0000000000000000000000000000007C000000000000000000000000
INIT_26 = 00000000000000000000000C000000000000007C000000000000000800000000
INIT_27 = 00000000000000000000000E0000000000000000000000000000000800000000
INIT_28 = 00000000000000000000000F8000000000000000000000000000000D80000000
INIT_29 = 0000000000000000000000018000000022000000000000000000000780000000
INIT_2a = 0000000000000000000000000000000000000000000000000000000080000000
INIT_2b = 0000000000000000000000000000000000000000000000000000000000000000
INIT_2c = 0000000000000000000000000000000000000000000000000000000000000000
INIT_2d = 0000000000000000000000010000000000000000000000000000000100000000
INIT_2e = 000000000000007C000000190000000000000000000000500000001100000000
INIT_2f = 002000000000007DA000003E00000000000000000000007F2000001D00000000
INIT_30 = FC67F8000000007E0000003E00000000FC6380000000007F8800003600000000
INIT_31 = FC003C00000000010008003E00000000FC43FC000000007F8000003E00000000
INIT_32 = F8001C00000000000000003C00000000F8003000000000000004003E00000000
INIT_33 = DC021C00010000000000000E00000000F8401C00140000000002001C00000000
INIT_34 = 78078E000040000000000004000000007C270C00000000000000000C00000000
INIT_35 = 0001C6000000000000000000000000007803CC00004000000000000000000000
INIT_36 = 880070010400400000000000000000000000E000000000000000000000000000
INIT_37 = 2C0000400000000000000000000000005C000294000004000000000000000000
INIT_38 = 3C0008020000000000000000000000003C0001D0000000000000000000000000
INIT_39 = FE0020018000000000000000000000007C0003A8800000000000000000000000
INIT_3a = 00004000000000000000000000000000FC000100000000000000000000000000
INIT_3b = 00000000000000000000000000000000FC000000000000000000000000000000
INIT_3c = 0000000000000000000000000000000000000000000000000000000000000000
INIT_3d = 0000000000000000000000000000000000000000000000000000000000000000
INIT_3e = C0000000000000000000000000000000E0000000000000000000000000000000
INIT_3f = 80000000000000000000000000000000C0000000000000000000000000000000
PORTA_ATTR:16384X1
WRITEMODEA:WRITE_FIRST
INIT_A = 0
SRVAL_A = 0
PORTB_ATTR:16384X1
WRITEMODEB:WRITE_FIRST
INIT_B = 0
SRVAL_B = 0



Section 12 - Control Set Information
------------------------------------
No control set information for this architecture.

Section 13 - Utilization by Hierarchy
-------------------------------------
+--------------------------------------------------------------------------------------------------------------------------------------------------------------------------------------------------------------------------------------------------------------------+
| Module                            | Partition | Slices        | Slice Reg     | LUTs          | LUTRAM        | BRAM      | MULT18X18 | BUFG  | DCM   | Full Hierarchical Name                                                                                     |
+--------------------------------------------------------------------------------------------------------------------------------------------------------------------------------------------------------------------------------------------------------------------+
| top/                              |           | 0/947         | 0/708         | 0/1486        | 0/0           | 0/8       | 0/0       | 1/1   | 0/0   | top                                                                                                        |
| +u_buffer                         |           | 10/10         | 14/14         | 9/9           | 0/0           | 0/0       | 0/0       | 0/0   | 0/0   | top/u_buffer                                                                                               |
| +u_controller                     |           | 17/17         | 18/18         | 31/31         | 0/0           | 0/0       | 0/0       | 0/0   | 0/0   | top/u_controller                                                                                           |
| +u_dpcm                           |           | 359/457       | 321/321       | 671/816       | 0/0           | 0/0       | 0/0       | 0/0   | 0/0   | top/u_dpcm                                                                                                 |
| ++add1                            |           | 0/11          | 0/0           | 0/14          | 0/0           | 0/0       | 0/0       | 0/0   | 0/0   | top/u_dpcm/add1                                                                                            |
| +++cla4_0                         |           | 3/3           | 0/0           | 4/4           | 0/0           | 0/0       | 0/0       | 0/0   | 0/0   | top/u_dpcm/add1/cla4_0                                                                                     |
| +++cla4_1                         |           | 1/3           | 0/0           | 1/3           | 0/0           | 0/0       | 0/0       | 0/0   | 0/0   | top/u_dpcm/add1/cla4_1                                                                                     |
| ++++clg4                          |           | 2/2           | 0/0           | 2/2           | 0/0           | 0/0       | 0/0       | 0/0   | 0/0   | top/u_dpcm/add1/cla4_1/clg4                                                                                |
| +++cla4_2                         |           | 0/2           | 0/0           | 0/2           | 0/0           | 0/0       | 0/0       | 0/0   | 0/0   | top/u_dpcm/add1/cla4_2                                                                                     |
| ++++clg4                          |           | 2/2           | 0/0           | 2/2           | 0/0           | 0/0       | 0/0       | 0/0   | 0/0   | top/u_dpcm/add1/cla4_2/clg4                                                                                |
| +++clg3                           |           | 3/3           | 0/0           | 5/5           | 0/0           | 0/0       | 0/0       | 0/0   | 0/0   | top/u_dpcm/add1/clg3                                                                                       |
| ++add2                            |           | 0/10          | 0/0           | 0/14          | 0/0           | 0/0       | 0/0       | 0/0   | 0/0   | top/u_dpcm/add2                                                                                            |
| +++cla4_0                         |           | 3/3           | 0/0           | 4/4           | 0/0           | 0/0       | 0/0       | 0/0   | 0/0   | top/u_dpcm/add2/cla4_0                                                                                     |
| +++cla4_1                         |           | 1/2           | 0/0           | 1/3           | 0/0           | 0/0       | 0/0       | 0/0   | 0/0   | top/u_dpcm/add2/cla4_1                                                                                     |
| ++++clg4                          |           | 1/1           | 0/0           | 2/2           | 0/0           | 0/0       | 0/0       | 0/0   | 0/0   | top/u_dpcm/add2/cla4_1/clg4                                                                                |
| +++cla4_2                         |           | 0/2           | 0/0           | 0/2           | 0/0           | 0/0       | 0/0       | 0/0   | 0/0   | top/u_dpcm/add2/cla4_2                                                                                     |
| ++++clg4                          |           | 2/2           | 0/0           | 2/2           | 0/0           | 0/0       | 0/0       | 0/0   | 0/0   | top/u_dpcm/add2/cla4_2/clg4                                                                                |
| +++clg3                           |           | 3/3           | 0/0           | 5/5           | 0/0           | 0/0       | 0/0       | 0/0   | 0/0   | top/u_dpcm/add2/clg3                                                                                       |
| ++cmp                             |           | 14/14         | 0/0           | 21/21         | 0/0           | 0/0       | 0/0       | 0/0   | 0/0   | top/u_dpcm/cmp                                                                                             |
| ++sub1                            |           | 17/32         | 0/0           | 25/48         | 0/0           | 0/0       | 0/0       | 0/0   | 0/0   | top/u_dpcm/sub1                                                                                            |
| +++cla4_0_1                       |           | 1/1           | 0/0           | 1/1           | 0/0           | 0/0       | 0/0       | 0/0   | 0/0   | top/u_dpcm/sub1/cla4_0_1                                                                                   |
| +++cla4_0_2                       |           | 2/2           | 0/0           | 3/3           | 0/0           | 0/0       | 0/0       | 0/0   | 0/0   | top/u_dpcm/sub1/cla4_0_2                                                                                   |
| +++cla4_1_1                       |           | 2/2           | 0/0           | 2/2           | 0/0           | 0/0       | 0/0       | 0/0   | 0/0   | top/u_dpcm/sub1/cla4_1_1                                                                                   |
| +++cla4_1_2                       |           | 0/2           | 0/0           | 0/3           | 0/0           | 0/0       | 0/0       | 0/0   | 0/0   | top/u_dpcm/sub1/cla4_1_2                                                                                   |
| ++++clg4                          |           | 2/2           | 0/0           | 3/3           | 0/0           | 0/0       | 0/0       | 0/0   | 0/0   | top/u_dpcm/sub1/cla4_1_2/clg4                                                                              |
| +++clg2_1                         |           | 3/3           | 0/0           | 5/5           | 0/0           | 0/0       | 0/0       | 0/0   | 0/0   | top/u_dpcm/sub1/clg2_1                                                                                     |
| +++clg2_2                         |           | 5/5           | 0/0           | 9/9           | 0/0           | 0/0       | 0/0       | 0/0   | 0/0   | top/u_dpcm/sub1/clg2_2                                                                                     |
| ++sub2                            |           | 16/31         | 0/0           | 25/48         | 0/0           | 0/0       | 0/0       | 0/0   | 0/0   | top/u_dpcm/sub2                                                                                            |
| +++cla4_0_1                       |           | 1/1           | 0/0           | 1/1           | 0/0           | 0/0       | 0/0       | 0/0   | 0/0   | top/u_dpcm/sub2/cla4_0_1                                                                                   |
| +++cla4_0_2                       |           | 2/2           | 0/0           | 3/3           | 0/0           | 0/0       | 0/0       | 0/0   | 0/0   | top/u_dpcm/sub2/cla4_0_2                                                                                   |
| +++cla4_1_1                       |           | 2/2           | 0/0           | 2/2           | 0/0           | 0/0       | 0/0       | 0/0   | 0/0   | top/u_dpcm/sub2/cla4_1_1                                                                                   |
| +++cla4_1_2                       |           | 0/2           | 0/0           | 0/3           | 0/0           | 0/0       | 0/0       | 0/0   | 0/0   | top/u_dpcm/sub2/cla4_1_2                                                                                   |
| ++++clg4                          |           | 2/2           | 0/0           | 3/3           | 0/0           | 0/0       | 0/0       | 0/0   | 0/0   | top/u_dpcm/sub2/cla4_1_2/clg4                                                                              |
| +++clg2_1                         |           | 3/3           | 0/0           | 5/5           | 0/0           | 0/0       | 0/0       | 0/0   | 0/0   | top/u_dpcm/sub2/clg2_1                                                                                     |
| +++clg2_2                         |           | 5/5           | 0/0           | 9/9           | 0/0           | 0/0       | 0/0       | 0/0   | 0/0   | top/u_dpcm/sub2/clg2_2                                                                                     |
| +u_golden                         |           | 363/363       | 202/202       | 567/567       | 0/0           | 0/0       | 0/0       | 0/0   | 0/0   | top/u_golden                                                                                               |
| +u_imem                           |           | 0/0           | 0/0           | 0/0           | 0/0           | 0/8       | 0/0       | 0/0   | 0/0   | top/u_imem                                                                                                 |
| ++U0                              |           | 0/0           | 0/0           | 0/0           | 0/0           | 0/8       | 0/0       | 0/0   | 0/0   | top/u_imem/U0                                                                                              |
| +++xst_blk_mem_generator          |           | 0/0           | 0/0           | 0/0           | 0/0           | 0/8       | 0/0       | 0/0   | 0/0   | top/u_imem/U0/xst_blk_mem_generator                                                                        |
| ++++gnativebmg.native_blk_mem_gen |           | 0/0           | 0/0           | 0/0           | 0/0           | 0/8       | 0/0       | 0/0   | 0/0   | top/u_imem/U0/xst_blk_mem_generator/gnativebmg.native_blk_mem_gen                                          |
| +++++valid.cstr                   |           | 0/0           | 0/0           | 0/0           | 0/0           | 0/8       | 0/0       | 0/0   | 0/0   | top/u_imem/U0/xst_blk_mem_generator/gnativebmg.native_blk_mem_gen/valid.cstr                               |
| ++++++ramloop[0].ram.r            |           | 0/0           | 0/0           | 0/0           | 0/0           | 0/1       | 0/0       | 0/0   | 0/0   | top/u_imem/U0/xst_blk_mem_generator/gnativebmg.native_blk_mem_gen/valid.cstr/ramloop[0].ram.r              |
| +++++++s3_init.ram                |           | 0/0           | 0/0           | 0/0           | 0/0           | 1/1       | 0/0       | 0/0   | 0/0   | top/u_imem/U0/xst_blk_mem_generator/gnativebmg.native_blk_mem_gen/valid.cstr/ramloop[0].ram.r/s3_init.ram  |
| ++++++ramloop[1].ram.r            |           | 0/0           | 0/0           | 0/0           | 0/0           | 0/1       | 0/0       | 0/0   | 0/0   | top/u_imem/U0/xst_blk_mem_generator/gnativebmg.native_blk_mem_gen/valid.cstr/ramloop[1].ram.r              |
| +++++++s3_init.ram                |           | 0/0           | 0/0           | 0/0           | 0/0           | 1/1       | 0/0       | 0/0   | 0/0   | top/u_imem/U0/xst_blk_mem_generator/gnativebmg.native_blk_mem_gen/valid.cstr/ramloop[1].ram.r/s3_init.ram  |
| ++++++ramloop[2].ram.r            |           | 0/0           | 0/0           | 0/0           | 0/0           | 0/1       | 0/0       | 0/0   | 0/0   | top/u_imem/U0/xst_blk_mem_generator/gnativebmg.native_blk_mem_gen/valid.cstr/ramloop[2].ram.r              |
| +++++++s3_init.ram                |           | 0/0           | 0/0           | 0/0           | 0/0           | 1/1       | 0/0       | 0/0   | 0/0   | top/u_imem/U0/xst_blk_mem_generator/gnativebmg.native_blk_mem_gen/valid.cstr/ramloop[2].ram.r/s3_init.ram  |
| ++++++ramloop[3].ram.r            |           | 0/0           | 0/0           | 0/0           | 0/0           | 0/1       | 0/0       | 0/0   | 0/0   | top/u_imem/U0/xst_blk_mem_generator/gnativebmg.native_blk_mem_gen/valid.cstr/ramloop[3].ram.r              |
| +++++++s3_init.ram                |           | 0/0           | 0/0           | 0/0           | 0/0           | 1/1       | 0/0       | 0/0   | 0/0   | top/u_imem/U0/xst_blk_mem_generator/gnativebmg.native_blk_mem_gen/valid.cstr/ramloop[3].ram.r/s3_init.ram  |
| ++++++ramloop[4].ram.r            |           | 0/0           | 0/0           | 0/0           | 0/0           | 0/1       | 0/0       | 0/0   | 0/0   | top/u_imem/U0/xst_blk_mem_generator/gnativebmg.native_blk_mem_gen/valid.cstr/ramloop[4].ram.r              |
| +++++++s3_init.ram                |           | 0/0           | 0/0           | 0/0           | 0/0           | 1/1       | 0/0       | 0/0   | 0/0   | top/u_imem/U0/xst_blk_mem_generator/gnativebmg.native_blk_mem_gen/valid.cstr/ramloop[4].ram.r/s3_init.ram  |
| ++++++ramloop[5].ram.r            |           | 0/0           | 0/0           | 0/0           | 0/0           | 0/1       | 0/0       | 0/0   | 0/0   | top/u_imem/U0/xst_blk_mem_generator/gnativebmg.native_blk_mem_gen/valid.cstr/ramloop[5].ram.r              |
| +++++++s3_init.ram                |           | 0/0           | 0/0           | 0/0           | 0/0           | 1/1       | 0/0       | 0/0   | 0/0   | top/u_imem/U0/xst_blk_mem_generator/gnativebmg.native_blk_mem_gen/valid.cstr/ramloop[5].ram.r/s3_init.ram  |
| ++++++ramloop[6].ram.r            |           | 0/0           | 0/0           | 0/0           | 0/0           | 0/1       | 0/0       | 0/0   | 0/0   | top/u_imem/U0/xst_blk_mem_generator/gnativebmg.native_blk_mem_gen/valid.cstr/ramloop[6].ram.r              |
| +++++++s3_init.ram                |           | 0/0           | 0/0           | 0/0           | 0/0           | 1/1       | 0/0       | 0/0   | 0/0   | top/u_imem/U0/xst_blk_mem_generator/gnativebmg.native_blk_mem_gen/valid.cstr/ramloop[6].ram.r/s3_init.ram  |
| ++++++ramloop[7].ram.r            |           | 0/0           | 0/0           | 0/0           | 0/0           | 0/1       | 0/0       | 0/0   | 0/0   | top/u_imem/U0/xst_blk_mem_generator/gnativebmg.native_blk_mem_gen/valid.cstr/ramloop[7].ram.r              |
| +++++++s3_init.ram                |           | 0/0           | 0/0           | 0/0           | 0/0           | 1/1       | 0/0       | 0/0   | 0/0   | top/u_imem/U0/xst_blk_mem_generator/gnativebmg.native_blk_mem_gen/valid.cstr/ramloop[7].ram.r/s3_init.ram  |
| +u_register4by4                   |           | 75/75         | 128/128       | 20/20         | 0/0           | 0/0       | 0/0       | 0/0   | 0/0   | top/u_register4by4                                                                                         |
| +u_uart_baud                      |           | 11/11         | 9/9           | 19/19         | 0/0           | 0/0       | 0/0       | 0/0   | 0/0   | top/u_uart_baud                                                                                            |
| +u_uart_trans                     |           | 14/14         | 16/16         | 24/24         | 0/0           | 0/0       | 0/0       | 0/0   | 0/0   | top/u_uart_trans                                                                                           |
+--------------------------------------------------------------------------------------------------------------------------------------------------------------------------------------------------------------------------------------------------------------------+

* Slices can be packed with basic elements from multiple hierarchies.
  Therefore, a slice will be counted in every hierarchical module
  that each of its packed basic elements belong to.
** For each column, there are two numbers reported <A>/<B>.
   <A> is the number of elements that belong to that specific hierarchical module.
   <B> is the total number of elements from that hierarchical module and any lower level
   hierarchical modules below.
*** The LUTRAM column counts all LUTs used as memory including RAM, ROM, and shift registers.
